<?xml version="1.0" encoding="utf-8"?>
<CoverageSession xmlns:xsd="http://www.w3.org/2001/XMLSchema" xmlns:xsi="http://www.w3.org/2001/XMLSchema-instance" Version="4.6.0.0">
  <Summary numSequencePoints="191" visitedSequencePoints="181" numBranchPoints="71" visitedBranchPoints="61" sequenceCoverage="94.76" branchCoverage="85.92" maxCyclomaticComplexity="11" minCyclomaticComplexity="1" maxCrapScore="11" minCrapScore="1" visitedClasses="6" numClasses="8" visitedMethods="27" numMethods="31" />
  <Modules>
    <Module hash="BC-81-3B-1B-6E-B0-FC-CC-78-30-74-4B-F6-FE-BE-C5-EC-1A-57-B3">
      <Summary numSequencePoints="61" visitedSequencePoints="61" numBranchPoints="11" visitedBranchPoints="11" sequenceCoverage="100" branchCoverage="100" maxCyclomaticComplexity="1" minCyclomaticComplexity="1" maxCrapScore="2" minCrapScore="1" visitedClasses="2" numClasses="2" visitedMethods="11" numMethods="11" />
      <ModulePath>C:\Users\wbadinini\source\repos\Mower\Mower.Test\bin\Debug\MowerKata.Test.dll</ModulePath>
      <ModuleTime>2019-05-05T19:49:04.3731607Z</ModuleTime>
      <ModuleName>MowerKata.Test</ModuleName>
      <Files>
        <File uid="1" fullPath="C:\Users\wbadinini\source\repos\Mower\Mower.Test\MowerTest.cs" />
      </Files>
      <Classes>
        <Class>
          <Summary numSequencePoints="60" visitedSequencePoints="60" numBranchPoints="10" visitedBranchPoints="10" sequenceCoverage="100" branchCoverage="100" maxCyclomaticComplexity="1" minCyclomaticComplexity="1" maxCrapScore="2" minCrapScore="1" visitedClasses="1" numClasses="1" visitedMethods="10" numMethods="10" />
          <FullName>MowerKata.Test.MowerTest</FullName>
          <Methods>
            <Method visited="true" cyclomaticComplexity="1" nPathComplexity="0" sequenceCoverage="100" branchCoverage="100" crapScore="1" isConstructor="false" isStatic="false" isGetter="false" isSetter="false">
              <Summary numSequencePoints="6" visitedSequencePoints="6" numBranchPoints="1" visitedBranchPoints="1" sequenceCoverage="100" branchCoverage="100" maxCyclomaticComplexity="1" minCyclomaticComplexity="1" maxCrapScore="1" minCrapScore="1" visitedClasses="0" numClasses="0" visitedMethods="1" numMethods="1" />
              <MetadataToken>100663297</MetadataToken>
              <Name>System.Void MowerKata.Test.MowerTest::When_Move_OneStep_From_LeftBottom_Of_The_Area_And_InitDirection_Is_N()</Name>
              <FileRef uid="1" />
              <SequencePoints>
                <SequencePoint vc="1" uspid="1" ordinal="0" offset="0" sl="13" sc="9" el="13" ec="10" bec="0" bev="0" fileid="1">
                  <TrackedMethodRefs>
                    <TrackedMethodRef uid="1" vc="1" />
                  </TrackedMethodRefs>
                </SequencePoint>
                <SequencePoint vc="1" uspid="2" ordinal="1" offset="1" sl="14" sc="13" el="14" ec="58" bec="0" bev="0" fileid="1">
                  <TrackedMethodRefs>
                    <TrackedMethodRef uid="1" vc="1" />
                  </TrackedMethodRefs>
                </SequencePoint>
                <SequencePoint vc="1" uspid="3" ordinal="2" offset="16" sl="15" sc="13" el="15" ec="63" bec="0" bev="0" fileid="1">
                  <TrackedMethodRefs>
                    <TrackedMethodRef uid="1" vc="1" />
                  </TrackedMethodRefs>
                </SequencePoint>
                <SequencePoint vc="1" uspid="4" ordinal="3" offset="29" sl="17" sc="13" el="17" ec="40" bec="0" bev="0" fileid="1">
                  <TrackedMethodRefs>
                    <TrackedMethodRef uid="1" vc="1" />
                  </TrackedMethodRefs>
                </SequencePoint>
                <SequencePoint vc="1" uspid="5" ordinal="4" offset="42" sl="19" sc="13" el="19" ec="68" bec="0" bev="0" fileid="1">
                  <TrackedMethodRefs>
                    <TrackedMethodRef uid="1" vc="1" />
                  </TrackedMethodRefs>
                </SequencePoint>
                <SequencePoint vc="1" uspid="6" ordinal="5" offset="61" sl="20" sc="9" el="20" ec="10" bec="0" bev="0" fileid="1">
                  <TrackedMethodRefs>
                    <TrackedMethodRef uid="1" vc="1" />
                  </TrackedMethodRefs>
                </SequencePoint>
              </SequencePoints>
              <BranchPoints />
              <MethodPoint xsi:type="SequencePoint" vc="1" uspid="1" ordinal="0" offset="0" sl="13" sc="9" el="13" ec="10" bec="0" bev="0" fileid="1">
                <TrackedMethodRefs>
                  <TrackedMethodRef uid="1" vc="1" />
                </TrackedMethodRefs>
              </MethodPoint>
            </Method>
            <Method visited="true" cyclomaticComplexity="1" nPathComplexity="0" sequenceCoverage="100" branchCoverage="100" crapScore="1" isConstructor="false" isStatic="false" isGetter="false" isSetter="false">
              <Summary numSequencePoints="6" visitedSequencePoints="6" numBranchPoints="1" visitedBranchPoints="1" sequenceCoverage="100" branchCoverage="100" maxCyclomaticComplexity="1" minCyclomaticComplexity="1" maxCrapScore="1" minCrapScore="1" visitedClasses="0" numClasses="0" visitedMethods="1" numMethods="1" />
              <MetadataToken>100663298</MetadataToken>
              <Name>System.Void MowerKata.Test.MowerTest::When_Move_OneStep_From_LeftBottom_Of_The_Area_And_InitDirection_Is_E()</Name>
              <FileRef uid="1" />
              <SequencePoints>
                <SequencePoint vc="1" uspid="7" ordinal="0" offset="0" sl="24" sc="9" el="24" ec="10" bec="0" bev="0" fileid="1">
                  <TrackedMethodRefs>
                    <TrackedMethodRef uid="2" vc="1" />
                  </TrackedMethodRefs>
                </SequencePoint>
                <SequencePoint vc="1" uspid="8" ordinal="1" offset="1" sl="25" sc="13" el="25" ec="58" bec="0" bev="0" fileid="1">
                  <TrackedMethodRefs>
                    <TrackedMethodRef uid="2" vc="1" />
                  </TrackedMethodRefs>
                </SequencePoint>
                <SequencePoint vc="1" uspid="9" ordinal="2" offset="16" sl="26" sc="13" el="26" ec="63" bec="0" bev="0" fileid="1">
                  <TrackedMethodRefs>
                    <TrackedMethodRef uid="2" vc="1" />
                  </TrackedMethodRefs>
                </SequencePoint>
                <SequencePoint vc="1" uspid="10" ordinal="3" offset="29" sl="28" sc="13" el="28" ec="40" bec="0" bev="0" fileid="1">
                  <TrackedMethodRefs>
                    <TrackedMethodRef uid="2" vc="1" />
                  </TrackedMethodRefs>
                </SequencePoint>
                <SequencePoint vc="1" uspid="11" ordinal="4" offset="42" sl="30" sc="13" el="30" ec="68" bec="0" bev="0" fileid="1">
                  <TrackedMethodRefs>
                    <TrackedMethodRef uid="2" vc="1" />
                  </TrackedMethodRefs>
                </SequencePoint>
                <SequencePoint vc="1" uspid="12" ordinal="5" offset="61" sl="31" sc="9" el="31" ec="10" bec="0" bev="0" fileid="1">
                  <TrackedMethodRefs>
                    <TrackedMethodRef uid="2" vc="1" />
                  </TrackedMethodRefs>
                </SequencePoint>
              </SequencePoints>
              <BranchPoints />
              <MethodPoint xsi:type="SequencePoint" vc="1" uspid="7" ordinal="0" offset="0" sl="24" sc="9" el="24" ec="10" bec="0" bev="0" fileid="1">
                <TrackedMethodRefs>
                  <TrackedMethodRef uid="2" vc="1" />
                </TrackedMethodRefs>
              </MethodPoint>
            </Method>
            <Method visited="true" cyclomaticComplexity="1" nPathComplexity="0" sequenceCoverage="100" branchCoverage="100" crapScore="1" isConstructor="false" isStatic="false" isGetter="false" isSetter="false">
              <Summary numSequencePoints="6" visitedSequencePoints="6" numBranchPoints="1" visitedBranchPoints="1" sequenceCoverage="100" branchCoverage="100" maxCyclomaticComplexity="1" minCyclomaticComplexity="1" maxCrapScore="1" minCrapScore="1" visitedClasses="0" numClasses="0" visitedMethods="1" numMethods="1" />
              <MetadataToken>100663299</MetadataToken>
              <Name>System.Void MowerKata.Test.MowerTest::When_Move_OneStep_From_LeftBottom_Of_The_Area_And_InitDirection_Is_W()</Name>
              <FileRef uid="1" />
              <SequencePoints>
                <SequencePoint vc="1" uspid="13" ordinal="0" offset="0" sl="35" sc="9" el="35" ec="10" bec="0" bev="0" fileid="1">
                  <TrackedMethodRefs>
                    <TrackedMethodRef uid="3" vc="1" />
                  </TrackedMethodRefs>
                </SequencePoint>
                <SequencePoint vc="1" uspid="14" ordinal="1" offset="1" sl="36" sc="13" el="36" ec="58" bec="0" bev="0" fileid="1">
                  <TrackedMethodRefs>
                    <TrackedMethodRef uid="3" vc="1" />
                  </TrackedMethodRefs>
                </SequencePoint>
                <SequencePoint vc="1" uspid="15" ordinal="2" offset="16" sl="37" sc="13" el="37" ec="63" bec="0" bev="0" fileid="1">
                  <TrackedMethodRefs>
                    <TrackedMethodRef uid="3" vc="1" />
                  </TrackedMethodRefs>
                </SequencePoint>
                <SequencePoint vc="1" uspid="16" ordinal="3" offset="29" sl="39" sc="13" el="39" ec="40" bec="0" bev="0" fileid="1">
                  <TrackedMethodRefs>
                    <TrackedMethodRef uid="3" vc="1" />
                  </TrackedMethodRefs>
                </SequencePoint>
                <SequencePoint vc="1" uspid="17" ordinal="4" offset="42" sl="41" sc="13" el="41" ec="68" bec="0" bev="0" fileid="1">
                  <TrackedMethodRefs>
                    <TrackedMethodRef uid="3" vc="1" />
                  </TrackedMethodRefs>
                </SequencePoint>
                <SequencePoint vc="1" uspid="18" ordinal="5" offset="61" sl="42" sc="9" el="42" ec="10" bec="0" bev="0" fileid="1">
                  <TrackedMethodRefs>
                    <TrackedMethodRef uid="3" vc="1" />
                  </TrackedMethodRefs>
                </SequencePoint>
              </SequencePoints>
              <BranchPoints />
              <MethodPoint xsi:type="SequencePoint" vc="1" uspid="13" ordinal="0" offset="0" sl="35" sc="9" el="35" ec="10" bec="0" bev="0" fileid="1">
                <TrackedMethodRefs>
                  <TrackedMethodRef uid="3" vc="1" />
                </TrackedMethodRefs>
              </MethodPoint>
            </Method>
            <Method visited="true" cyclomaticComplexity="1" nPathComplexity="0" sequenceCoverage="100" branchCoverage="100" crapScore="1" isConstructor="false" isStatic="false" isGetter="false" isSetter="false">
              <Summary numSequencePoints="6" visitedSequencePoints="6" numBranchPoints="1" visitedBranchPoints="1" sequenceCoverage="100" branchCoverage="100" maxCyclomaticComplexity="1" minCyclomaticComplexity="1" maxCrapScore="1" minCrapScore="1" visitedClasses="0" numClasses="0" visitedMethods="1" numMethods="1" />
              <MetadataToken>100663300</MetadataToken>
              <Name>System.Void MowerKata.Test.MowerTest::When_Move_OneStep_From_LeftBottom_Of_The_Area_And_InitDirection_Is_S()</Name>
              <FileRef uid="1" />
              <SequencePoints>
                <SequencePoint vc="1" uspid="19" ordinal="0" offset="0" sl="46" sc="9" el="46" ec="10" bec="0" bev="0" fileid="1">
                  <TrackedMethodRefs>
                    <TrackedMethodRef uid="4" vc="1" />
                  </TrackedMethodRefs>
                </SequencePoint>
                <SequencePoint vc="1" uspid="20" ordinal="1" offset="1" sl="47" sc="13" el="47" ec="58" bec="0" bev="0" fileid="1">
                  <TrackedMethodRefs>
                    <TrackedMethodRef uid="4" vc="1" />
                  </TrackedMethodRefs>
                </SequencePoint>
                <SequencePoint vc="1" uspid="21" ordinal="2" offset="16" sl="48" sc="13" el="48" ec="63" bec="0" bev="0" fileid="1">
                  <TrackedMethodRefs>
                    <TrackedMethodRef uid="4" vc="1" />
                  </TrackedMethodRefs>
                </SequencePoint>
                <SequencePoint vc="1" uspid="22" ordinal="3" offset="29" sl="50" sc="13" el="50" ec="40" bec="0" bev="0" fileid="1">
                  <TrackedMethodRefs>
                    <TrackedMethodRef uid="4" vc="1" />
                  </TrackedMethodRefs>
                </SequencePoint>
                <SequencePoint vc="1" uspid="23" ordinal="4" offset="42" sl="52" sc="13" el="52" ec="68" bec="0" bev="0" fileid="1">
                  <TrackedMethodRefs>
                    <TrackedMethodRef uid="4" vc="1" />
                  </TrackedMethodRefs>
                </SequencePoint>
                <SequencePoint vc="1" uspid="24" ordinal="5" offset="61" sl="53" sc="9" el="53" ec="10" bec="0" bev="0" fileid="1">
                  <TrackedMethodRefs>
                    <TrackedMethodRef uid="4" vc="1" />
                  </TrackedMethodRefs>
                </SequencePoint>
              </SequencePoints>
              <BranchPoints />
              <MethodPoint xsi:type="SequencePoint" vc="1" uspid="19" ordinal="0" offset="0" sl="46" sc="9" el="46" ec="10" bec="0" bev="0" fileid="1">
                <TrackedMethodRefs>
                  <TrackedMethodRef uid="4" vc="1" />
                </TrackedMethodRefs>
              </MethodPoint>
            </Method>
            <Method visited="true" cyclomaticComplexity="1" nPathComplexity="0" sequenceCoverage="100" branchCoverage="100" crapScore="1" isConstructor="false" isStatic="false" isGetter="false" isSetter="false">
              <Summary numSequencePoints="6" visitedSequencePoints="6" numBranchPoints="1" visitedBranchPoints="1" sequenceCoverage="100" branchCoverage="100" maxCyclomaticComplexity="1" minCyclomaticComplexity="1" maxCrapScore="1" minCrapScore="1" visitedClasses="0" numClasses="0" visitedMethods="1" numMethods="1" />
              <MetadataToken>100663301</MetadataToken>
              <Name>System.Void MowerKata.Test.MowerTest::When_Move_OneStep_With_Redirection_D_And_InitDirection_Is_N()</Name>
              <FileRef uid="1" />
              <SequencePoints>
                <SequencePoint vc="1" uspid="25" ordinal="0" offset="0" sl="57" sc="9" el="57" ec="10" bec="0" bev="0" fileid="1">
                  <TrackedMethodRefs>
                    <TrackedMethodRef uid="5" vc="1" />
                  </TrackedMethodRefs>
                </SequencePoint>
                <SequencePoint vc="1" uspid="26" ordinal="1" offset="1" sl="58" sc="13" el="58" ec="58" bec="0" bev="0" fileid="1">
                  <TrackedMethodRefs>
                    <TrackedMethodRef uid="5" vc="1" />
                  </TrackedMethodRefs>
                </SequencePoint>
                <SequencePoint vc="1" uspid="27" ordinal="2" offset="16" sl="59" sc="13" el="59" ec="63" bec="0" bev="0" fileid="1">
                  <TrackedMethodRefs>
                    <TrackedMethodRef uid="5" vc="1" />
                  </TrackedMethodRefs>
                </SequencePoint>
                <SequencePoint vc="1" uspid="28" ordinal="3" offset="29" sl="61" sc="13" el="61" ec="41" bec="0" bev="0" fileid="1">
                  <TrackedMethodRefs>
                    <TrackedMethodRef uid="5" vc="1" />
                  </TrackedMethodRefs>
                </SequencePoint>
                <SequencePoint vc="1" uspid="29" ordinal="4" offset="42" sl="63" sc="13" el="63" ec="68" bec="0" bev="0" fileid="1">
                  <TrackedMethodRefs>
                    <TrackedMethodRef uid="5" vc="1" />
                  </TrackedMethodRefs>
                </SequencePoint>
                <SequencePoint vc="1" uspid="30" ordinal="5" offset="61" sl="64" sc="9" el="64" ec="10" bec="0" bev="0" fileid="1">
                  <TrackedMethodRefs>
                    <TrackedMethodRef uid="5" vc="1" />
                  </TrackedMethodRefs>
                </SequencePoint>
              </SequencePoints>
              <BranchPoints />
              <MethodPoint xsi:type="SequencePoint" vc="1" uspid="25" ordinal="0" offset="0" sl="57" sc="9" el="57" ec="10" bec="0" bev="0" fileid="1">
                <TrackedMethodRefs>
                  <TrackedMethodRef uid="5" vc="1" />
                </TrackedMethodRefs>
              </MethodPoint>
            </Method>
            <Method visited="true" cyclomaticComplexity="1" nPathComplexity="0" sequenceCoverage="100" branchCoverage="100" crapScore="1" isConstructor="false" isStatic="false" isGetter="false" isSetter="false">
              <Summary numSequencePoints="6" visitedSequencePoints="6" numBranchPoints="1" visitedBranchPoints="1" sequenceCoverage="100" branchCoverage="100" maxCyclomaticComplexity="1" minCyclomaticComplexity="1" maxCrapScore="1" minCrapScore="1" visitedClasses="0" numClasses="0" visitedMethods="1" numMethods="1" />
              <MetadataToken>100663302</MetadataToken>
              <Name>System.Void MowerKata.Test.MowerTest::When_Move_OneStep_With_Redirection_G_And_InitDirection_Is_N()</Name>
              <FileRef uid="1" />
              <SequencePoints>
                <SequencePoint vc="1" uspid="31" ordinal="0" offset="0" sl="68" sc="9" el="68" ec="10" bec="0" bev="0" fileid="1">
                  <TrackedMethodRefs>
                    <TrackedMethodRef uid="6" vc="1" />
                  </TrackedMethodRefs>
                </SequencePoint>
                <SequencePoint vc="1" uspid="32" ordinal="1" offset="1" sl="69" sc="13" el="69" ec="58" bec="0" bev="0" fileid="1">
                  <TrackedMethodRefs>
                    <TrackedMethodRef uid="6" vc="1" />
                  </TrackedMethodRefs>
                </SequencePoint>
                <SequencePoint vc="1" uspid="33" ordinal="2" offset="16" sl="70" sc="13" el="70" ec="63" bec="0" bev="0" fileid="1">
                  <TrackedMethodRefs>
                    <TrackedMethodRef uid="6" vc="1" />
                  </TrackedMethodRefs>
                </SequencePoint>
                <SequencePoint vc="1" uspid="34" ordinal="3" offset="29" sl="72" sc="13" el="72" ec="41" bec="0" bev="0" fileid="1">
                  <TrackedMethodRefs>
                    <TrackedMethodRef uid="6" vc="1" />
                  </TrackedMethodRefs>
                </SequencePoint>
                <SequencePoint vc="1" uspid="35" ordinal="4" offset="42" sl="74" sc="13" el="74" ec="68" bec="0" bev="0" fileid="1">
                  <TrackedMethodRefs>
                    <TrackedMethodRef uid="6" vc="1" />
                  </TrackedMethodRefs>
                </SequencePoint>
                <SequencePoint vc="1" uspid="36" ordinal="5" offset="61" sl="75" sc="9" el="75" ec="10" bec="0" bev="0" fileid="1">
                  <TrackedMethodRefs>
                    <TrackedMethodRef uid="6" vc="1" />
                  </TrackedMethodRefs>
                </SequencePoint>
              </SequencePoints>
              <BranchPoints />
              <MethodPoint xsi:type="SequencePoint" vc="1" uspid="31" ordinal="0" offset="0" sl="68" sc="9" el="68" ec="10" bec="0" bev="0" fileid="1">
                <TrackedMethodRefs>
                  <TrackedMethodRef uid="6" vc="1" />
                </TrackedMethodRefs>
              </MethodPoint>
            </Method>
            <Method visited="true" cyclomaticComplexity="1" nPathComplexity="0" sequenceCoverage="100" branchCoverage="100" crapScore="1" isConstructor="false" isStatic="false" isGetter="false" isSetter="false">
              <Summary numSequencePoints="6" visitedSequencePoints="6" numBranchPoints="1" visitedBranchPoints="1" sequenceCoverage="100" branchCoverage="100" maxCyclomaticComplexity="1" minCyclomaticComplexity="1" maxCrapScore="1" minCrapScore="1" visitedClasses="0" numClasses="0" visitedMethods="1" numMethods="1" />
              <MetadataToken>100663303</MetadataToken>
              <Name>System.Void MowerKata.Test.MowerTest::When_MoveTo_A_Position_OutOf_TheArea()</Name>
              <FileRef uid="1" />
              <SequencePoints>
                <SequencePoint vc="1" uspid="37" ordinal="0" offset="0" sl="79" sc="9" el="79" ec="10" bec="0" bev="0" fileid="1">
                  <TrackedMethodRefs>
                    <TrackedMethodRef uid="7" vc="1" />
                  </TrackedMethodRefs>
                </SequencePoint>
                <SequencePoint vc="1" uspid="38" ordinal="1" offset="1" sl="80" sc="13" el="80" ec="58" bec="0" bev="0" fileid="1">
                  <TrackedMethodRefs>
                    <TrackedMethodRef uid="7" vc="1" />
                  </TrackedMethodRefs>
                </SequencePoint>
                <SequencePoint vc="1" uspid="39" ordinal="2" offset="16" sl="81" sc="13" el="81" ec="63" bec="0" bev="0" fileid="1">
                  <TrackedMethodRefs>
                    <TrackedMethodRef uid="7" vc="1" />
                  </TrackedMethodRefs>
                </SequencePoint>
                <SequencePoint vc="1" uspid="40" ordinal="3" offset="29" sl="83" sc="13" el="83" ec="40" bec="0" bev="0" fileid="1">
                  <TrackedMethodRefs>
                    <TrackedMethodRef uid="7" vc="1" />
                  </TrackedMethodRefs>
                </SequencePoint>
                <SequencePoint vc="1" uspid="41" ordinal="4" offset="42" sl="85" sc="13" el="85" ec="68" bec="0" bev="0" fileid="1">
                  <TrackedMethodRefs>
                    <TrackedMethodRef uid="7" vc="1" />
                  </TrackedMethodRefs>
                </SequencePoint>
                <SequencePoint vc="1" uspid="42" ordinal="5" offset="61" sl="86" sc="9" el="86" ec="10" bec="0" bev="0" fileid="1">
                  <TrackedMethodRefs>
                    <TrackedMethodRef uid="7" vc="1" />
                  </TrackedMethodRefs>
                </SequencePoint>
              </SequencePoints>
              <BranchPoints />
              <MethodPoint xsi:type="SequencePoint" vc="1" uspid="37" ordinal="0" offset="0" sl="79" sc="9" el="79" ec="10" bec="0" bev="0" fileid="1">
                <TrackedMethodRefs>
                  <TrackedMethodRef uid="7" vc="1" />
                </TrackedMethodRefs>
              </MethodPoint>
            </Method>
            <Method visited="true" cyclomaticComplexity="1" nPathComplexity="0" sequenceCoverage="100" branchCoverage="100" crapScore="1" isConstructor="false" isStatic="false" isGetter="false" isSetter="false">
              <Summary numSequencePoints="6" visitedSequencePoints="6" numBranchPoints="1" visitedBranchPoints="1" sequenceCoverage="100" branchCoverage="100" maxCyclomaticComplexity="1" minCyclomaticComplexity="1" maxCrapScore="1" minCrapScore="1" visitedClasses="0" numClasses="0" visitedMethods="1" numMethods="1" />
              <MetadataToken>100663304</MetadataToken>
              <Name>System.Void MowerKata.Test.MowerTest::When_OrderQuery_Is_GAGAGAGAA_And_InitData_1_2_N_The_ResultIs_1_3()</Name>
              <FileRef uid="1" />
              <SequencePoints>
                <SequencePoint vc="1" uspid="43" ordinal="0" offset="0" sl="90" sc="9" el="90" ec="10" bec="0" bev="0" fileid="1">
                  <TrackedMethodRefs>
                    <TrackedMethodRef uid="8" vc="1" />
                  </TrackedMethodRefs>
                </SequencePoint>
                <SequencePoint vc="1" uspid="44" ordinal="1" offset="1" sl="91" sc="13" el="91" ec="58" bec="0" bev="0" fileid="1">
                  <TrackedMethodRefs>
                    <TrackedMethodRef uid="8" vc="1" />
                  </TrackedMethodRefs>
                </SequencePoint>
                <SequencePoint vc="1" uspid="45" ordinal="2" offset="16" sl="92" sc="13" el="92" ec="63" bec="0" bev="0" fileid="1">
                  <TrackedMethodRefs>
                    <TrackedMethodRef uid="8" vc="1" />
                  </TrackedMethodRefs>
                </SequencePoint>
                <SequencePoint vc="1" uspid="46" ordinal="3" offset="29" sl="94" sc="13" el="94" ec="48" bec="0" bev="0" fileid="1">
                  <TrackedMethodRefs>
                    <TrackedMethodRef uid="8" vc="1" />
                  </TrackedMethodRefs>
                </SequencePoint>
                <SequencePoint vc="1" uspid="47" ordinal="4" offset="42" sl="96" sc="13" el="96" ec="68" bec="0" bev="0" fileid="1">
                  <TrackedMethodRefs>
                    <TrackedMethodRef uid="8" vc="1" />
                  </TrackedMethodRefs>
                </SequencePoint>
                <SequencePoint vc="1" uspid="48" ordinal="5" offset="61" sl="97" sc="9" el="97" ec="10" bec="0" bev="0" fileid="1">
                  <TrackedMethodRefs>
                    <TrackedMethodRef uid="8" vc="1" />
                  </TrackedMethodRefs>
                </SequencePoint>
              </SequencePoints>
              <BranchPoints />
              <MethodPoint xsi:type="SequencePoint" vc="1" uspid="43" ordinal="0" offset="0" sl="90" sc="9" el="90" ec="10" bec="0" bev="0" fileid="1">
                <TrackedMethodRefs>
                  <TrackedMethodRef uid="8" vc="1" />
                </TrackedMethodRefs>
              </MethodPoint>
            </Method>
            <Method visited="true" cyclomaticComplexity="1" nPathComplexity="0" sequenceCoverage="100" branchCoverage="100" crapScore="1" isConstructor="false" isStatic="false" isGetter="false" isSetter="false">
              <Summary numSequencePoints="7" visitedSequencePoints="7" numBranchPoints="1" visitedBranchPoints="1" sequenceCoverage="100" branchCoverage="100" maxCyclomaticComplexity="1" minCyclomaticComplexity="1" maxCrapScore="1" minCrapScore="1" visitedClasses="0" numClasses="0" visitedMethods="1" numMethods="1" />
              <MetadataToken>100663305</MetadataToken>
              <Name>System.Void MowerKata.Test.MowerTest::When_OrderQuery_Is_AADAADADDA_And_InitData_3_3_E_The_ResultIs_5_1_E()</Name>
              <FileRef uid="1" />
              <SequencePoints>
                <SequencePoint vc="1" uspid="49" ordinal="0" offset="0" sl="101" sc="9" el="101" ec="10" bec="0" bev="0" fileid="1">
                  <TrackedMethodRefs>
                    <TrackedMethodRef uid="9" vc="1" />
                  </TrackedMethodRefs>
                </SequencePoint>
                <SequencePoint vc="1" uspid="50" ordinal="1" offset="1" sl="102" sc="13" el="102" ec="77" bec="0" bev="0" fileid="1">
                  <TrackedMethodRefs>
                    <TrackedMethodRef uid="9" vc="1" />
                  </TrackedMethodRefs>
                </SequencePoint>
                <SequencePoint vc="1" uspid="51" ordinal="2" offset="16" sl="103" sc="13" el="103" ec="63" bec="0" bev="0" fileid="1">
                  <TrackedMethodRefs>
                    <TrackedMethodRef uid="9" vc="1" />
                  </TrackedMethodRefs>
                </SequencePoint>
                <SequencePoint vc="1" uspid="52" ordinal="3" offset="29" sl="105" sc="13" el="105" ec="49" bec="0" bev="0" fileid="1">
                  <TrackedMethodRefs>
                    <TrackedMethodRef uid="9" vc="1" />
                  </TrackedMethodRefs>
                </SequencePoint>
                <SequencePoint vc="1" uspid="53" ordinal="4" offset="42" sl="107" sc="13" el="107" ec="68" bec="0" bev="0" fileid="1">
                  <TrackedMethodRefs>
                    <TrackedMethodRef uid="9" vc="1" />
                  </TrackedMethodRefs>
                </SequencePoint>
                <SequencePoint vc="1" uspid="54" ordinal="5" offset="61" sl="108" sc="13" el="108" ec="58" bec="0" bev="0" fileid="1">
                  <TrackedMethodRefs>
                    <TrackedMethodRef uid="9" vc="1" />
                  </TrackedMethodRefs>
                </SequencePoint>
                <SequencePoint vc="1" uspid="55" ordinal="6" offset="85" sl="109" sc="9" el="109" ec="10" bec="0" bev="0" fileid="1">
                  <TrackedMethodRefs>
                    <TrackedMethodRef uid="9" vc="1" />
                  </TrackedMethodRefs>
                </SequencePoint>
              </SequencePoints>
              <BranchPoints />
              <MethodPoint xsi:type="SequencePoint" vc="1" uspid="49" ordinal="0" offset="0" sl="101" sc="9" el="101" ec="10" bec="0" bev="0" fileid="1">
                <TrackedMethodRefs>
                  <TrackedMethodRef uid="9" vc="1" />
                </TrackedMethodRefs>
              </MethodPoint>
            </Method>
            <Method visited="true" cyclomaticComplexity="1" nPathComplexity="0" sequenceCoverage="100" branchCoverage="100" crapScore="1" isConstructor="false" isStatic="false" isGetter="false" isSetter="false">
              <Summary numSequencePoints="5" visitedSequencePoints="5" numBranchPoints="1" visitedBranchPoints="1" sequenceCoverage="100" branchCoverage="100" maxCyclomaticComplexity="1" minCyclomaticComplexity="1" maxCrapScore="1" minCrapScore="1" visitedClasses="0" numClasses="0" visitedMethods="1" numMethods="1" />
              <MetadataToken>100663306</MetadataToken>
              <Name>System.Void MowerKata.Test.MowerTest::When_Command_IsNot_Valid_ThrowException()</Name>
              <FileRef uid="1" />
              <SequencePoints>
                <SequencePoint vc="1" uspid="56" ordinal="0" offset="6" sl="113" sc="9" el="113" ec="10" bec="0" bev="0" fileid="1">
                  <TrackedMethodRefs>
                    <TrackedMethodRef uid="10" vc="1" />
                  </TrackedMethodRefs>
                </SequencePoint>
                <SequencePoint vc="1" uspid="57" ordinal="1" offset="7" sl="114" sc="13" el="114" ec="58" bec="0" bev="0" fileid="1">
                  <TrackedMethodRefs>
                    <TrackedMethodRef uid="10" vc="1" />
                  </TrackedMethodRefs>
                </SequencePoint>
                <SequencePoint vc="1" uspid="58" ordinal="2" offset="27" sl="115" sc="13" el="115" ec="63" bec="0" bev="0" fileid="1">
                  <TrackedMethodRefs>
                    <TrackedMethodRef uid="10" vc="1" />
                  </TrackedMethodRefs>
                </SequencePoint>
                <SequencePoint vc="1" uspid="59" ordinal="3" offset="45" sl="117" sc="13" el="117" ec="94" bec="0" bev="0" fileid="1">
                  <TrackedMethodRefs>
                    <TrackedMethodRef uid="10" vc="1" />
                  </TrackedMethodRefs>
                </SequencePoint>
                <SequencePoint vc="1" uspid="60" ordinal="4" offset="63" sl="118" sc="9" el="118" ec="10" bec="0" bev="0" fileid="1">
                  <TrackedMethodRefs>
                    <TrackedMethodRef uid="10" vc="1" />
                  </TrackedMethodRefs>
                </SequencePoint>
              </SequencePoints>
              <BranchPoints />
              <MethodPoint vc="1" uspid="61" ordinal="0" offset="0">
                <TrackedMethodRefs>
                  <TrackedMethodRef uid="10" vc="1" />
                </TrackedMethodRefs>
              </MethodPoint>
            </Method>
            <Method visited="false" cyclomaticComplexity="1" nPathComplexity="0" sequenceCoverage="0" branchCoverage="0" crapScore="2" isConstructor="true" isStatic="false" isGetter="false" isSetter="false">
              <Summary numSequencePoints="0" visitedSequencePoints="0" numBranchPoints="0" visitedBranchPoints="0" sequenceCoverage="0" branchCoverage="0" maxCyclomaticComplexity="1" minCyclomaticComplexity="1" maxCrapScore="2" minCrapScore="2" visitedClasses="0" numClasses="0" visitedMethods="0" numMethods="0" />
              <MetadataToken>100663307</MetadataToken>
              <Name>System.Void MowerKata.Test.MowerTest::.ctor()</Name>
              <SequencePoints />
              <BranchPoints />
              <MethodPoint vc="0" uspid="62" ordinal="0" offset="0" />
            </Method>
          </Methods>
        </Class>
        <Class>
          <Summary numSequencePoints="1" visitedSequencePoints="1" numBranchPoints="1" visitedBranchPoints="1" sequenceCoverage="100" branchCoverage="100" maxCyclomaticComplexity="1" minCyclomaticComplexity="1" maxCrapScore="2" minCrapScore="1" visitedClasses="1" numClasses="1" visitedMethods="1" numMethods="1" />
          <FullName>MowerKata.Test.MowerTest/&lt;&gt;c__DisplayClass9_0</FullName>
          <Methods>
            <Method visited="false" cyclomaticComplexity="1" nPathComplexity="0" sequenceCoverage="0" branchCoverage="0" crapScore="2" isConstructor="true" isStatic="false" isGetter="false" isSetter="false">
              <Summary numSequencePoints="0" visitedSequencePoints="0" numBranchPoints="0" visitedBranchPoints="0" sequenceCoverage="0" branchCoverage="0" maxCyclomaticComplexity="1" minCyclomaticComplexity="1" maxCrapScore="2" minCrapScore="2" visitedClasses="0" numClasses="0" visitedMethods="0" numMethods="0" />
              <MetadataToken>100663308</MetadataToken>
              <Name>System.Void MowerKata.Test.MowerTest/&lt;&gt;c__DisplayClass9_0::.ctor()</Name>
              <SequencePoints />
              <BranchPoints />
              <MethodPoint vc="0" uspid="63" ordinal="0" offset="0" />
            </Method>
            <Method visited="true" cyclomaticComplexity="1" nPathComplexity="0" sequenceCoverage="100" branchCoverage="100" crapScore="1" isConstructor="false" isStatic="false" isGetter="false" isSetter="false">
              <Summary numSequencePoints="1" visitedSequencePoints="1" numBranchPoints="1" visitedBranchPoints="1" sequenceCoverage="100" branchCoverage="100" maxCyclomaticComplexity="1" minCyclomaticComplexity="1" maxCrapScore="1" minCrapScore="1" visitedClasses="0" numClasses="0" visitedMethods="1" numMethods="1" />
              <MetadataToken>100663309</MetadataToken>
              <Name>System.Void MowerKata.Test.MowerTest/&lt;&gt;c__DisplayClass9_0::&lt;When_Command_IsNot_Valid_ThrowException&gt;b__0()</Name>
              <FileRef uid="1" />
              <SequencePoints>
                <SequencePoint vc="1" uspid="64" ordinal="0" offset="0" sl="117" sc="64" el="117" ec="92" bec="0" bev="0" fileid="1">
                  <TrackedMethodRefs>
                    <TrackedMethodRef uid="10" vc="1" />
                  </TrackedMethodRefs>
                </SequencePoint>
              </SequencePoints>
              <BranchPoints />
              <MethodPoint xsi:type="SequencePoint" vc="1" uspid="64" ordinal="0" offset="0" sl="117" sc="64" el="117" ec="92" bec="0" bev="0" fileid="1">
                <TrackedMethodRefs>
                  <TrackedMethodRef uid="10" vc="1" />
                </TrackedMethodRefs>
              </MethodPoint>
            </Method>
          </Methods>
        </Class>
      </Classes>
      <TrackedMethods>
        <TrackedMethod uid="1" token="100663297" name="System.Void MowerKata.Test.MowerTest::When_Move_OneStep_From_LeftBottom_Of_The_Area_And_InitDirection_Is_N()" strategy="NUnitTest" />
        <TrackedMethod uid="2" token="100663298" name="System.Void MowerKata.Test.MowerTest::When_Move_OneStep_From_LeftBottom_Of_The_Area_And_InitDirection_Is_E()" strategy="NUnitTest" />
        <TrackedMethod uid="3" token="100663299" name="System.Void MowerKata.Test.MowerTest::When_Move_OneStep_From_LeftBottom_Of_The_Area_And_InitDirection_Is_W()" strategy="NUnitTest" />
        <TrackedMethod uid="4" token="100663300" name="System.Void MowerKata.Test.MowerTest::When_Move_OneStep_From_LeftBottom_Of_The_Area_And_InitDirection_Is_S()" strategy="NUnitTest" />
        <TrackedMethod uid="5" token="100663301" name="System.Void MowerKata.Test.MowerTest::When_Move_OneStep_With_Redirection_D_And_InitDirection_Is_N()" strategy="NUnitTest" />
        <TrackedMethod uid="6" token="100663302" name="System.Void MowerKata.Test.MowerTest::When_Move_OneStep_With_Redirection_G_And_InitDirection_Is_N()" strategy="NUnitTest" />
        <TrackedMethod uid="7" token="100663303" name="System.Void MowerKata.Test.MowerTest::When_MoveTo_A_Position_OutOf_TheArea()" strategy="NUnitTest" />
        <TrackedMethod uid="8" token="100663304" name="System.Void MowerKata.Test.MowerTest::When_OrderQuery_Is_GAGAGAGAA_And_InitData_1_2_N_The_ResultIs_1_3()" strategy="NUnitTest" />
        <TrackedMethod uid="9" token="100663305" name="System.Void MowerKata.Test.MowerTest::When_OrderQuery_Is_AADAADADDA_And_InitData_3_3_E_The_ResultIs_5_1_E()" strategy="NUnitTest" />
        <TrackedMethod uid="10" token="100663306" name="System.Void MowerKata.Test.MowerTest::When_Command_IsNot_Valid_ThrowException()" strategy="NUnitTest" />
      </TrackedMethods>
    </Module>
    <Module hash="37-6B-88-A7-01-35-6A-76-F1-4A-4A-C6-7D-27-6E-79-A7-42-A8-6B">
      <Summary numSequencePoints="130" visitedSequencePoints="120" numBranchPoints="60" visitedBranchPoints="50" sequenceCoverage="92.31" branchCoverage="83.33" maxCyclomaticComplexity="11" minCyclomaticComplexity="1" maxCrapScore="11" minCrapScore="1" visitedClasses="4" numClasses="6" visitedMethods="16" numMethods="20" />
      <ModulePath>C:\Users\wbadinini\source\repos\Mower\Mower.Test\bin\Debug\MowerKata.exe</ModulePath>
      <ModuleTime>2019-05-05T19:49:04.2833563Z</ModuleTime>
      <ModuleName>MowerKata</ModuleName>
      <Files>
        <File uid="5" fullPath="C:\Users\wbadinini\source\repos\Mower\Mower\Program.cs" />
        <File uid="6" fullPath="C:\Users\wbadinini\source\repos\Mower\Mower\Exceptions\InvalidCommandFormatException.cs" />
        <File uid="7" fullPath="C:\Users\wbadinini\source\repos\Mower\Mower\Entities\Coords.cs" />
        <File uid="8" fullPath="C:\Users\wbadinini\source\repos\Mower\Mower\Entities\Mower.cs" />
        <File uid="9" fullPath="C:\Users\wbadinini\source\repos\Mower\Mower\Controllers\Controller.cs" />
        <File uid="10" fullPath="C:\Users\wbadinini\source\repos\Mower\Mower\Services\OrderQueryProcess.cs" />
      </Files>
      <Classes>
        <Class>
          <Summary numSequencePoints="2" visitedSequencePoints="0" numBranchPoints="1" visitedBranchPoints="0" sequenceCoverage="0" branchCoverage="0" maxCyclomaticComplexity="1" minCyclomaticComplexity="1" maxCrapScore="2" minCrapScore="2" visitedClasses="0" numClasses="1" visitedMethods="0" numMethods="1" />
          <FullName>MowerKata.Program</FullName>
          <Methods>
            <Method visited="false" cyclomaticComplexity="1" nPathComplexity="0" sequenceCoverage="0" branchCoverage="0" crapScore="2" isConstructor="false" isStatic="true" isGetter="false" isSetter="false">
              <Summary numSequencePoints="2" visitedSequencePoints="0" numBranchPoints="1" visitedBranchPoints="0" sequenceCoverage="0" branchCoverage="0" maxCyclomaticComplexity="1" minCyclomaticComplexity="1" maxCrapScore="2" minCrapScore="2" visitedClasses="0" numClasses="0" visitedMethods="0" numMethods="1" />
              <MetadataToken>100663297</MetadataToken>
              <Name>System.Void MowerKata.Program::Main(System.String[])</Name>
              <FileRef uid="5" />
              <SequencePoints>
                <SequencePoint vc="0" uspid="65" ordinal="0" offset="0" sl="6" sc="9" el="6" ec="10" bec="0" bev="0" fileid="5" />
                <SequencePoint vc="0" uspid="66" ordinal="1" offset="1" sl="7" sc="9" el="7" ec="10" bec="0" bev="0" fileid="5" />
              </SequencePoints>
              <BranchPoints />
              <MethodPoint xsi:type="SequencePoint" vc="0" uspid="65" ordinal="0" offset="0" sl="6" sc="9" el="6" ec="10" bec="0" bev="0" fileid="5" />
            </Method>
            <Method visited="false" cyclomaticComplexity="1" nPathComplexity="0" sequenceCoverage="0" branchCoverage="0" crapScore="2" isConstructor="true" isStatic="false" isGetter="false" isSetter="false">
              <Summary numSequencePoints="0" visitedSequencePoints="0" numBranchPoints="0" visitedBranchPoints="0" sequenceCoverage="0" branchCoverage="0" maxCyclomaticComplexity="1" minCyclomaticComplexity="1" maxCrapScore="2" minCrapScore="2" visitedClasses="0" numClasses="0" visitedMethods="0" numMethods="0" />
              <MetadataToken>100663298</MetadataToken>
              <Name>System.Void MowerKata.Program::.ctor()</Name>
              <SequencePoints />
              <BranchPoints />
              <MethodPoint vc="0" uspid="67" ordinal="0" offset="0" />
            </Method>
          </Methods>
        </Class>
        <Class>
          <Summary numSequencePoints="1" visitedSequencePoints="0" numBranchPoints="1" visitedBranchPoints="0" sequenceCoverage="0" branchCoverage="0" maxCyclomaticComplexity="1" minCyclomaticComplexity="1" maxCrapScore="2" minCrapScore="2" visitedClasses="0" numClasses="1" visitedMethods="0" numMethods="1" />
          <FullName>MowerKata.Exceptions.InvalidCommandFormatException</FullName>
          <Methods>
            <Method visited="false" cyclomaticComplexity="1" nPathComplexity="0" sequenceCoverage="0" branchCoverage="0" crapScore="2" isConstructor="false" isStatic="false" isGetter="true" isSetter="false">
              <Summary numSequencePoints="1" visitedSequencePoints="0" numBranchPoints="1" visitedBranchPoints="0" sequenceCoverage="0" branchCoverage="0" maxCyclomaticComplexity="1" minCyclomaticComplexity="1" maxCrapScore="2" minCrapScore="2" visitedClasses="0" numClasses="0" visitedMethods="0" numMethods="1" />
              <MetadataToken>100663299</MetadataToken>
              <Name>System.String MowerKata.Exceptions.InvalidCommandFormatException::get_Message()</Name>
              <FileRef uid="6" />
              <SequencePoints>
                <SequencePoint vc="0" uspid="68" ordinal="0" offset="0" sl="7" sc="43" el="7" ec="67" bec="0" bev="0" fileid="6" />
              </SequencePoints>
              <BranchPoints />
              <MethodPoint xsi:type="SequencePoint" vc="0" uspid="68" ordinal="0" offset="0" sl="7" sc="43" el="7" ec="67" bec="0" bev="0" fileid="6" />
            </Method>
            <Method visited="false" cyclomaticComplexity="1" nPathComplexity="0" sequenceCoverage="0" branchCoverage="0" crapScore="2" isConstructor="true" isStatic="false" isGetter="false" isSetter="false">
              <Summary numSequencePoints="0" visitedSequencePoints="0" numBranchPoints="0" visitedBranchPoints="0" sequenceCoverage="0" branchCoverage="0" maxCyclomaticComplexity="1" minCyclomaticComplexity="1" maxCrapScore="2" minCrapScore="2" visitedClasses="0" numClasses="0" visitedMethods="0" numMethods="0" />
              <MetadataToken>100663300</MetadataToken>
              <Name>System.Void MowerKata.Exceptions.InvalidCommandFormatException::.ctor()</Name>
              <SequencePoints />
              <BranchPoints />
              <MethodPoint vc="0" uspid="69" ordinal="0" offset="0" />
            </Method>
          </Methods>
        </Class>
        <Class>
          <Summary numSequencePoints="21" visitedSequencePoints="14" numBranchPoints="5" visitedBranchPoints="3" sequenceCoverage="66.67" branchCoverage="60" maxCyclomaticComplexity="4" minCyclomaticComplexity="1" maxCrapScore="4" minCrapScore="1" visitedClasses="1" numClasses="1" visitedMethods="3" numMethods="5" />
          <FullName>MowerKata.Entities.Coords</FullName>
          <Methods>
            <Method skippedDueTo="AutoImplementedProperty" visited="false" cyclomaticComplexity="1" nPathComplexity="0" sequenceCoverage="0" branchCoverage="0" crapScore="0" isConstructor="false" isStatic="false" isGetter="true" isSetter="false">
              <MetadataToken>100663301</MetadataToken>
              <Name>System.Int32 MowerKata.Entities.Coords::get_X()</Name>
              <FileRef uid="7" />
              <SequencePoints />
              <BranchPoints />
            </Method>
            <Method skippedDueTo="AutoImplementedProperty" visited="false" cyclomaticComplexity="1" nPathComplexity="0" sequenceCoverage="0" branchCoverage="0" crapScore="0" isConstructor="false" isStatic="false" isGetter="false" isSetter="true">
              <MetadataToken>100663302</MetadataToken>
              <Name>System.Void MowerKata.Entities.Coords::set_X(System.Int32)</Name>
              <FileRef uid="7" />
              <SequencePoints />
              <BranchPoints />
            </Method>
            <Method skippedDueTo="AutoImplementedProperty" visited="false" cyclomaticComplexity="1" nPathComplexity="0" sequenceCoverage="0" branchCoverage="0" crapScore="0" isConstructor="false" isStatic="false" isGetter="true" isSetter="false">
              <MetadataToken>100663303</MetadataToken>
              <Name>System.Int32 MowerKata.Entities.Coords::get_Y()</Name>
              <FileRef uid="7" />
              <SequencePoints />
              <BranchPoints />
            </Method>
            <Method skippedDueTo="AutoImplementedProperty" visited="false" cyclomaticComplexity="1" nPathComplexity="0" sequenceCoverage="0" branchCoverage="0" crapScore="0" isConstructor="false" isStatic="false" isGetter="false" isSetter="true">
              <MetadataToken>100663304</MetadataToken>
              <Name>System.Void MowerKata.Entities.Coords::set_Y(System.Int32)</Name>
              <FileRef uid="7" />
              <SequencePoints />
              <BranchPoints />
            </Method>
            <Method visited="true" cyclomaticComplexity="1" nPathComplexity="0" sequenceCoverage="100" branchCoverage="100" crapScore="1" isConstructor="true" isStatic="false" isGetter="false" isSetter="false">
              <Summary numSequencePoints="5" visitedSequencePoints="5" numBranchPoints="1" visitedBranchPoints="1" sequenceCoverage="100" branchCoverage="100" maxCyclomaticComplexity="1" minCyclomaticComplexity="1" maxCrapScore="1" minCrapScore="1" visitedClasses="0" numClasses="0" visitedMethods="1" numMethods="1" />
              <MetadataToken>100663305</MetadataToken>
              <Name>System.Void MowerKata.Entities.Coords::.ctor(System.Int32,System.Int32)</Name>
              <FileRef uid="7" />
              <SequencePoints>
                <SequencePoint vc="29" uspid="70" ordinal="0" offset="0" sl="8" sc="9" el="8" ec="36" bec="0" bev="0" fileid="7">
                  <TrackedMethodRefs>
                    <TrackedMethodRef uid="10" vc="2" />
                    <TrackedMethodRef uid="2" vc="3" />
                    <TrackedMethodRef uid="1" vc="3" />
                    <TrackedMethodRef uid="4" vc="3" />
                    <TrackedMethodRef uid="3" vc="3" />
                    <TrackedMethodRef uid="5" vc="3" />
                    <TrackedMethodRef uid="6" vc="3" />
                    <TrackedMethodRef uid="7" vc="3" />
                    <TrackedMethodRef uid="9" vc="3" />
                    <TrackedMethodRef uid="8" vc="3" />
                  </TrackedMethodRefs>
                </SequencePoint>
                <SequencePoint vc="29" uspid="71" ordinal="1" offset="7" sl="9" sc="9" el="9" ec="10" bec="0" bev="0" fileid="7">
                  <TrackedMethodRefs>
                    <TrackedMethodRef uid="10" vc="2" />
                    <TrackedMethodRef uid="2" vc="3" />
                    <TrackedMethodRef uid="1" vc="3" />
                    <TrackedMethodRef uid="4" vc="3" />
                    <TrackedMethodRef uid="3" vc="3" />
                    <TrackedMethodRef uid="5" vc="3" />
                    <TrackedMethodRef uid="6" vc="3" />
                    <TrackedMethodRef uid="7" vc="3" />
                    <TrackedMethodRef uid="9" vc="3" />
                    <TrackedMethodRef uid="8" vc="3" />
                  </TrackedMethodRefs>
                </SequencePoint>
                <SequencePoint vc="29" uspid="72" ordinal="2" offset="8" sl="10" sc="13" el="10" ec="24" bec="0" bev="0" fileid="7">
                  <TrackedMethodRefs>
                    <TrackedMethodRef uid="10" vc="2" />
                    <TrackedMethodRef uid="2" vc="3" />
                    <TrackedMethodRef uid="1" vc="3" />
                    <TrackedMethodRef uid="4" vc="3" />
                    <TrackedMethodRef uid="3" vc="3" />
                    <TrackedMethodRef uid="5" vc="3" />
                    <TrackedMethodRef uid="6" vc="3" />
                    <TrackedMethodRef uid="7" vc="3" />
                    <TrackedMethodRef uid="9" vc="3" />
                    <TrackedMethodRef uid="8" vc="3" />
                  </TrackedMethodRefs>
                </SequencePoint>
                <SequencePoint vc="29" uspid="73" ordinal="3" offset="16" sl="11" sc="13" el="11" ec="24" bec="0" bev="0" fileid="7">
                  <TrackedMethodRefs>
                    <TrackedMethodRef uid="10" vc="2" />
                    <TrackedMethodRef uid="2" vc="3" />
                    <TrackedMethodRef uid="1" vc="3" />
                    <TrackedMethodRef uid="4" vc="3" />
                    <TrackedMethodRef uid="3" vc="3" />
                    <TrackedMethodRef uid="5" vc="3" />
                    <TrackedMethodRef uid="6" vc="3" />
                    <TrackedMethodRef uid="7" vc="3" />
                    <TrackedMethodRef uid="9" vc="3" />
                    <TrackedMethodRef uid="8" vc="3" />
                  </TrackedMethodRefs>
                </SequencePoint>
                <SequencePoint vc="29" uspid="74" ordinal="4" offset="24" sl="12" sc="9" el="12" ec="10" bec="0" bev="0" fileid="7">
                  <TrackedMethodRefs>
                    <TrackedMethodRef uid="10" vc="2" />
                    <TrackedMethodRef uid="2" vc="3" />
                    <TrackedMethodRef uid="1" vc="3" />
                    <TrackedMethodRef uid="4" vc="3" />
                    <TrackedMethodRef uid="3" vc="3" />
                    <TrackedMethodRef uid="5" vc="3" />
                    <TrackedMethodRef uid="6" vc="3" />
                    <TrackedMethodRef uid="7" vc="3" />
                    <TrackedMethodRef uid="9" vc="3" />
                    <TrackedMethodRef uid="8" vc="3" />
                  </TrackedMethodRefs>
                </SequencePoint>
              </SequencePoints>
              <BranchPoints />
              <MethodPoint xsi:type="SequencePoint" vc="29" uspid="70" ordinal="0" offset="0" sl="8" sc="9" el="8" ec="36" bec="0" bev="0" fileid="7">
                <TrackedMethodRefs>
                  <TrackedMethodRef uid="10" vc="2" />
                  <TrackedMethodRef uid="2" vc="3" />
                  <TrackedMethodRef uid="1" vc="3" />
                  <TrackedMethodRef uid="4" vc="3" />
                  <TrackedMethodRef uid="3" vc="3" />
                  <TrackedMethodRef uid="5" vc="3" />
                  <TrackedMethodRef uid="6" vc="3" />
                  <TrackedMethodRef uid="7" vc="3" />
                  <TrackedMethodRef uid="9" vc="3" />
                  <TrackedMethodRef uid="8" vc="3" />
                </TrackedMethodRefs>
              </MethodPoint>
            </Method>
            <Method visited="true" cyclomaticComplexity="1" nPathComplexity="0" sequenceCoverage="100" branchCoverage="100" crapScore="1" isConstructor="true" isStatic="false" isGetter="false" isSetter="false">
              <Summary numSequencePoints="5" visitedSequencePoints="5" numBranchPoints="1" visitedBranchPoints="1" sequenceCoverage="100" branchCoverage="100" maxCyclomaticComplexity="1" minCyclomaticComplexity="1" maxCrapScore="1" minCrapScore="1" visitedClasses="0" numClasses="0" visitedMethods="1" numMethods="1" />
              <MetadataToken>100663306</MetadataToken>
              <Name>System.Void MowerKata.Entities.Coords::.ctor(MowerKata.Entities.Coords)</Name>
              <FileRef uid="7" />
              <SequencePoints>
                <SequencePoint vc="18" uspid="75" ordinal="0" offset="0" sl="14" sc="9" el="14" ec="37" bec="0" bev="0" fileid="7">
                  <TrackedMethodRefs>
                    <TrackedMethodRef uid="2" vc="1" />
                    <TrackedMethodRef uid="1" vc="1" />
                    <TrackedMethodRef uid="4" vc="1" />
                    <TrackedMethodRef uid="3" vc="1" />
                    <TrackedMethodRef uid="5" vc="1" />
                    <TrackedMethodRef uid="6" vc="1" />
                    <TrackedMethodRef uid="7" vc="1" />
                    <TrackedMethodRef uid="9" vc="6" />
                    <TrackedMethodRef uid="8" vc="5" />
                  </TrackedMethodRefs>
                </SequencePoint>
                <SequencePoint vc="18" uspid="76" ordinal="1" offset="7" sl="15" sc="9" el="15" ec="10" bec="0" bev="0" fileid="7">
                  <TrackedMethodRefs>
                    <TrackedMethodRef uid="2" vc="1" />
                    <TrackedMethodRef uid="1" vc="1" />
                    <TrackedMethodRef uid="4" vc="1" />
                    <TrackedMethodRef uid="3" vc="1" />
                    <TrackedMethodRef uid="5" vc="1" />
                    <TrackedMethodRef uid="6" vc="1" />
                    <TrackedMethodRef uid="7" vc="1" />
                    <TrackedMethodRef uid="9" vc="6" />
                    <TrackedMethodRef uid="8" vc="5" />
                  </TrackedMethodRefs>
                </SequencePoint>
                <SequencePoint vc="18" uspid="77" ordinal="2" offset="8" sl="16" sc="13" el="16" ec="31" bec="0" bev="0" fileid="7">
                  <TrackedMethodRefs>
                    <TrackedMethodRef uid="2" vc="1" />
                    <TrackedMethodRef uid="1" vc="1" />
                    <TrackedMethodRef uid="4" vc="1" />
                    <TrackedMethodRef uid="3" vc="1" />
                    <TrackedMethodRef uid="5" vc="1" />
                    <TrackedMethodRef uid="6" vc="1" />
                    <TrackedMethodRef uid="7" vc="1" />
                    <TrackedMethodRef uid="9" vc="6" />
                    <TrackedMethodRef uid="8" vc="5" />
                  </TrackedMethodRefs>
                </SequencePoint>
                <SequencePoint vc="18" uspid="78" ordinal="3" offset="21" sl="17" sc="13" el="17" ec="31" bec="0" bev="0" fileid="7">
                  <TrackedMethodRefs>
                    <TrackedMethodRef uid="2" vc="1" />
                    <TrackedMethodRef uid="1" vc="1" />
                    <TrackedMethodRef uid="4" vc="1" />
                    <TrackedMethodRef uid="3" vc="1" />
                    <TrackedMethodRef uid="5" vc="1" />
                    <TrackedMethodRef uid="6" vc="1" />
                    <TrackedMethodRef uid="7" vc="1" />
                    <TrackedMethodRef uid="9" vc="6" />
                    <TrackedMethodRef uid="8" vc="5" />
                  </TrackedMethodRefs>
                </SequencePoint>
                <SequencePoint vc="18" uspid="79" ordinal="4" offset="34" sl="18" sc="9" el="18" ec="10" bec="0" bev="0" fileid="7">
                  <TrackedMethodRefs>
                    <TrackedMethodRef uid="2" vc="1" />
                    <TrackedMethodRef uid="1" vc="1" />
                    <TrackedMethodRef uid="4" vc="1" />
                    <TrackedMethodRef uid="3" vc="1" />
                    <TrackedMethodRef uid="5" vc="1" />
                    <TrackedMethodRef uid="6" vc="1" />
                    <TrackedMethodRef uid="7" vc="1" />
                    <TrackedMethodRef uid="9" vc="6" />
                    <TrackedMethodRef uid="8" vc="5" />
                  </TrackedMethodRefs>
                </SequencePoint>
              </SequencePoints>
              <BranchPoints />
              <MethodPoint xsi:type="SequencePoint" vc="18" uspid="75" ordinal="0" offset="0" sl="14" sc="9" el="14" ec="37" bec="0" bev="0" fileid="7">
                <TrackedMethodRefs>
                  <TrackedMethodRef uid="2" vc="1" />
                  <TrackedMethodRef uid="1" vc="1" />
                  <TrackedMethodRef uid="4" vc="1" />
                  <TrackedMethodRef uid="3" vc="1" />
                  <TrackedMethodRef uid="5" vc="1" />
                  <TrackedMethodRef uid="6" vc="1" />
                  <TrackedMethodRef uid="7" vc="1" />
                  <TrackedMethodRef uid="9" vc="6" />
                  <TrackedMethodRef uid="8" vc="5" />
                </TrackedMethodRefs>
              </MethodPoint>
            </Method>
            <Method visited="true" cyclomaticComplexity="4" nPathComplexity="0" sequenceCoverage="100" branchCoverage="100" crapScore="4" isConstructor="false" isStatic="false" isGetter="false" isSetter="false">
              <Summary numSequencePoints="4" visitedSequencePoints="4" numBranchPoints="1" visitedBranchPoints="1" sequenceCoverage="100" branchCoverage="100" maxCyclomaticComplexity="4" minCyclomaticComplexity="4" maxCrapScore="4" minCrapScore="4" visitedClasses="0" numClasses="0" visitedMethods="1" numMethods="1" />
              <MetadataToken>100663307</MetadataToken>
              <Name>System.Boolean MowerKata.Entities.Coords::Equals(System.Object)</Name>
              <FileRef uid="7" />
              <SequencePoints>
                <SequencePoint vc="9" uspid="80" ordinal="0" offset="0" sl="21" sc="9" el="21" ec="10" bec="0" bev="0" fileid="7">
                  <TrackedMethodRefs>
                    <TrackedMethodRef uid="2" vc="1" />
                    <TrackedMethodRef uid="1" vc="1" />
                    <TrackedMethodRef uid="4" vc="1" />
                    <TrackedMethodRef uid="3" vc="1" />
                    <TrackedMethodRef uid="5" vc="1" />
                    <TrackedMethodRef uid="6" vc="1" />
                    <TrackedMethodRef uid="7" vc="1" />
                    <TrackedMethodRef uid="9" vc="1" />
                    <TrackedMethodRef uid="8" vc="1" />
                  </TrackedMethodRefs>
                </SequencePoint>
                <SequencePoint vc="9" uspid="81" ordinal="1" offset="1" sl="22" sc="13" el="22" ec="38" bec="0" bev="0" fileid="7">
                  <TrackedMethodRefs>
                    <TrackedMethodRef uid="2" vc="1" />
                    <TrackedMethodRef uid="1" vc="1" />
                    <TrackedMethodRef uid="4" vc="1" />
                    <TrackedMethodRef uid="3" vc="1" />
                    <TrackedMethodRef uid="5" vc="1" />
                    <TrackedMethodRef uid="6" vc="1" />
                    <TrackedMethodRef uid="7" vc="1" />
                    <TrackedMethodRef uid="9" vc="1" />
                    <TrackedMethodRef uid="8" vc="1" />
                  </TrackedMethodRefs>
                </SequencePoint>
                <SequencePoint vc="9" uspid="82" ordinal="2" offset="8" sl="23" sc="13" el="23" ec="91" bec="0" bev="0" fileid="7">
                  <TrackedMethodRefs>
                    <TrackedMethodRef uid="2" vc="1" />
                    <TrackedMethodRef uid="1" vc="1" />
                    <TrackedMethodRef uid="4" vc="1" />
                    <TrackedMethodRef uid="3" vc="1" />
                    <TrackedMethodRef uid="5" vc="1" />
                    <TrackedMethodRef uid="6" vc="1" />
                    <TrackedMethodRef uid="7" vc="1" />
                    <TrackedMethodRef uid="9" vc="1" />
                    <TrackedMethodRef uid="8" vc="1" />
                  </TrackedMethodRefs>
                </SequencePoint>
                <SequencePoint vc="9" uspid="83" ordinal="3" offset="62" sl="24" sc="9" el="24" ec="10" bec="0" bev="0" fileid="7">
                  <TrackedMethodRefs>
                    <TrackedMethodRef uid="2" vc="1" />
                    <TrackedMethodRef uid="1" vc="1" />
                    <TrackedMethodRef uid="4" vc="1" />
                    <TrackedMethodRef uid="3" vc="1" />
                    <TrackedMethodRef uid="5" vc="1" />
                    <TrackedMethodRef uid="6" vc="1" />
                    <TrackedMethodRef uid="7" vc="1" />
                    <TrackedMethodRef uid="9" vc="1" />
                    <TrackedMethodRef uid="8" vc="1" />
                  </TrackedMethodRefs>
                </SequencePoint>
              </SequencePoints>
              <BranchPoints />
              <MethodPoint xsi:type="SequencePoint" vc="9" uspid="80" ordinal="0" offset="0" sl="21" sc="9" el="21" ec="10" bec="0" bev="0" fileid="7">
                <TrackedMethodRefs>
                  <TrackedMethodRef uid="2" vc="1" />
                  <TrackedMethodRef uid="1" vc="1" />
                  <TrackedMethodRef uid="4" vc="1" />
                  <TrackedMethodRef uid="3" vc="1" />
                  <TrackedMethodRef uid="5" vc="1" />
                  <TrackedMethodRef uid="6" vc="1" />
                  <TrackedMethodRef uid="7" vc="1" />
                  <TrackedMethodRef uid="9" vc="1" />
                  <TrackedMethodRef uid="8" vc="1" />
                </TrackedMethodRefs>
              </MethodPoint>
            </Method>
            <Method visited="false" cyclomaticComplexity="1" nPathComplexity="0" sequenceCoverage="0" branchCoverage="0" crapScore="2" isConstructor="false" isStatic="false" isGetter="false" isSetter="false">
              <Summary numSequencePoints="3" visitedSequencePoints="0" numBranchPoints="1" visitedBranchPoints="0" sequenceCoverage="0" branchCoverage="0" maxCyclomaticComplexity="1" minCyclomaticComplexity="1" maxCrapScore="2" minCrapScore="2" visitedClasses="0" numClasses="0" visitedMethods="0" numMethods="1" />
              <MetadataToken>100663308</MetadataToken>
              <Name>System.String MowerKata.Entities.Coords::ToString()</Name>
              <FileRef uid="7" />
              <SequencePoints>
                <SequencePoint vc="0" uspid="88" ordinal="0" offset="0" sl="27" sc="9" el="27" ec="10" bec="0" bev="0" fileid="7" />
                <SequencePoint vc="0" uspid="89" ordinal="1" offset="1" sl="28" sc="13" el="28" ec="33" bec="0" bev="0" fileid="7" />
                <SequencePoint vc="0" uspid="90" ordinal="2" offset="36" sl="29" sc="9" el="29" ec="10" bec="0" bev="0" fileid="7" />
              </SequencePoints>
              <BranchPoints />
              <MethodPoint xsi:type="SequencePoint" vc="0" uspid="88" ordinal="0" offset="0" sl="27" sc="9" el="27" ec="10" bec="0" bev="0" fileid="7" />
            </Method>
            <Method visited="false" cyclomaticComplexity="1" nPathComplexity="0" sequenceCoverage="0" branchCoverage="0" crapScore="2" isConstructor="false" isStatic="false" isGetter="false" isSetter="false">
              <Summary numSequencePoints="4" visitedSequencePoints="0" numBranchPoints="1" visitedBranchPoints="0" sequenceCoverage="0" branchCoverage="0" maxCyclomaticComplexity="1" minCyclomaticComplexity="1" maxCrapScore="2" minCrapScore="2" visitedClasses="0" numClasses="0" visitedMethods="0" numMethods="1" />
              <MetadataToken>100663309</MetadataToken>
              <Name>System.Int32 MowerKata.Entities.Coords::GetHashCode()</Name>
              <FileRef uid="7" />
              <SequencePoints>
                <SequencePoint vc="0" uspid="91" ordinal="0" offset="0" sl="32" sc="9" el="32" ec="10" bec="0" bev="0" fileid="7" />
                <SequencePoint vc="0" uspid="92" ordinal="1" offset="1" sl="34" sc="13" el="34" ec="14" bec="0" bev="0" fileid="7" />
                <SequencePoint vc="0" uspid="93" ordinal="2" offset="2" sl="35" sc="17" el="35" ec="38" bec="0" bev="0" fileid="7" />
                <SequencePoint vc="0" uspid="94" ordinal="3" offset="24" sl="37" sc="9" el="37" ec="10" bec="0" bev="0" fileid="7" />
              </SequencePoints>
              <BranchPoints />
              <MethodPoint xsi:type="SequencePoint" vc="0" uspid="91" ordinal="0" offset="0" sl="32" sc="9" el="32" ec="10" bec="0" bev="0" fileid="7" />
            </Method>
          </Methods>
        </Class>
        <Class>
          <Summary numSequencePoints="55" visitedSequencePoints="55" numBranchPoints="32" visitedBranchPoints="29" sequenceCoverage="100" branchCoverage="90.62" maxCyclomaticComplexity="5" minCyclomaticComplexity="1" maxCrapScore="5" minCrapScore="1" visitedClasses="1" numClasses="1" visitedMethods="8" numMethods="8" />
          <FullName>MowerKata.Entities.Mower</FullName>
          <Methods>
            <Method skippedDueTo="AutoImplementedProperty" visited="false" cyclomaticComplexity="1" nPathComplexity="0" sequenceCoverage="0" branchCoverage="0" crapScore="0" isConstructor="false" isStatic="false" isGetter="true" isSetter="false">
              <MetadataToken>100663310</MetadataToken>
              <Name>MowerKata.Entities.Coords MowerKata.Entities.Mower::get_CurrentCoords()</Name>
              <FileRef uid="8" />
              <SequencePoints />
              <BranchPoints />
            </Method>
            <Method skippedDueTo="AutoImplementedProperty" visited="false" cyclomaticComplexity="1" nPathComplexity="0" sequenceCoverage="0" branchCoverage="0" crapScore="0" isConstructor="false" isStatic="false" isGetter="false" isSetter="true">
              <MetadataToken>100663311</MetadataToken>
              <Name>System.Void MowerKata.Entities.Mower::set_CurrentCoords(MowerKata.Entities.Coords)</Name>
              <FileRef uid="8" />
              <SequencePoints />
              <BranchPoints />
            </Method>
            <Method skippedDueTo="AutoImplementedProperty" visited="false" cyclomaticComplexity="1" nPathComplexity="0" sequenceCoverage="0" branchCoverage="0" crapScore="0" isConstructor="false" isStatic="false" isGetter="true" isSetter="false">
              <MetadataToken>100663312</MetadataToken>
              <Name>System.Char MowerKata.Entities.Mower::get_CurrentDirection()</Name>
              <FileRef uid="8" />
              <SequencePoints />
              <BranchPoints />
            </Method>
            <Method skippedDueTo="AutoImplementedProperty" visited="false" cyclomaticComplexity="1" nPathComplexity="0" sequenceCoverage="0" branchCoverage="0" crapScore="0" isConstructor="false" isStatic="false" isGetter="false" isSetter="true">
              <MetadataToken>100663313</MetadataToken>
              <Name>System.Void MowerKata.Entities.Mower::set_CurrentDirection(System.Char)</Name>
              <FileRef uid="8" />
              <SequencePoints />
              <BranchPoints />
            </Method>
            <Method visited="true" cyclomaticComplexity="1" nPathComplexity="0" sequenceCoverage="100" branchCoverage="100" crapScore="1" isConstructor="true" isStatic="false" isGetter="false" isSetter="false">
              <Summary numSequencePoints="5" visitedSequencePoints="5" numBranchPoints="1" visitedBranchPoints="1" sequenceCoverage="100" branchCoverage="100" maxCyclomaticComplexity="1" minCyclomaticComplexity="1" maxCrapScore="1" minCrapScore="1" visitedClasses="0" numClasses="0" visitedMethods="1" numMethods="1" />
              <MetadataToken>100663314</MetadataToken>
              <Name>System.Void MowerKata.Entities.Mower::.ctor(MowerKata.Entities.Coords,System.Char)</Name>
              <FileRef uid="8" />
              <SequencePoints>
                <SequencePoint vc="10" uspid="95" ordinal="0" offset="0" sl="8" sc="9" el="8" ec="66" bec="0" bev="0" fileid="8">
                  <TrackedMethodRefs>
                    <TrackedMethodRef uid="10" vc="1" />
                    <TrackedMethodRef uid="2" vc="1" />
                    <TrackedMethodRef uid="1" vc="1" />
                    <TrackedMethodRef uid="4" vc="1" />
                    <TrackedMethodRef uid="3" vc="1" />
                    <TrackedMethodRef uid="5" vc="1" />
                    <TrackedMethodRef uid="6" vc="1" />
                    <TrackedMethodRef uid="7" vc="1" />
                    <TrackedMethodRef uid="9" vc="1" />
                    <TrackedMethodRef uid="8" vc="1" />
                  </TrackedMethodRefs>
                </SequencePoint>
                <SequencePoint vc="10" uspid="96" ordinal="1" offset="7" sl="9" sc="9" el="9" ec="10" bec="0" bev="0" fileid="8">
                  <TrackedMethodRefs>
                    <TrackedMethodRef uid="10" vc="1" />
                    <TrackedMethodRef uid="2" vc="1" />
                    <TrackedMethodRef uid="1" vc="1" />
                    <TrackedMethodRef uid="4" vc="1" />
                    <TrackedMethodRef uid="3" vc="1" />
                    <TrackedMethodRef uid="5" vc="1" />
                    <TrackedMethodRef uid="6" vc="1" />
                    <TrackedMethodRef uid="7" vc="1" />
                    <TrackedMethodRef uid="9" vc="1" />
                    <TrackedMethodRef uid="8" vc="1" />
                  </TrackedMethodRefs>
                </SequencePoint>
                <SequencePoint vc="10" uspid="97" ordinal="2" offset="8" sl="10" sc="13" el="10" ec="43" bec="0" bev="0" fileid="8">
                  <TrackedMethodRefs>
                    <TrackedMethodRef uid="10" vc="1" />
                    <TrackedMethodRef uid="2" vc="1" />
                    <TrackedMethodRef uid="1" vc="1" />
                    <TrackedMethodRef uid="4" vc="1" />
                    <TrackedMethodRef uid="3" vc="1" />
                    <TrackedMethodRef uid="5" vc="1" />
                    <TrackedMethodRef uid="6" vc="1" />
                    <TrackedMethodRef uid="7" vc="1" />
                    <TrackedMethodRef uid="9" vc="1" />
                    <TrackedMethodRef uid="8" vc="1" />
                  </TrackedMethodRefs>
                </SequencePoint>
                <SequencePoint vc="10" uspid="98" ordinal="3" offset="16" sl="11" sc="13" el="11" ec="49" bec="0" bev="0" fileid="8">
                  <TrackedMethodRefs>
                    <TrackedMethodRef uid="10" vc="1" />
                    <TrackedMethodRef uid="2" vc="1" />
                    <TrackedMethodRef uid="1" vc="1" />
                    <TrackedMethodRef uid="4" vc="1" />
                    <TrackedMethodRef uid="3" vc="1" />
                    <TrackedMethodRef uid="5" vc="1" />
                    <TrackedMethodRef uid="6" vc="1" />
                    <TrackedMethodRef uid="7" vc="1" />
                    <TrackedMethodRef uid="9" vc="1" />
                    <TrackedMethodRef uid="8" vc="1" />
                  </TrackedMethodRefs>
                </SequencePoint>
                <SequencePoint vc="10" uspid="99" ordinal="4" offset="24" sl="12" sc="9" el="12" ec="10" bec="0" bev="0" fileid="8">
                  <TrackedMethodRefs>
                    <TrackedMethodRef uid="10" vc="1" />
                    <TrackedMethodRef uid="2" vc="1" />
                    <TrackedMethodRef uid="1" vc="1" />
                    <TrackedMethodRef uid="4" vc="1" />
                    <TrackedMethodRef uid="3" vc="1" />
                    <TrackedMethodRef uid="5" vc="1" />
                    <TrackedMethodRef uid="6" vc="1" />
                    <TrackedMethodRef uid="7" vc="1" />
                    <TrackedMethodRef uid="9" vc="1" />
                    <TrackedMethodRef uid="8" vc="1" />
                  </TrackedMethodRefs>
                </SequencePoint>
              </SequencePoints>
              <BranchPoints />
              <MethodPoint xsi:type="SequencePoint" vc="10" uspid="95" ordinal="0" offset="0" sl="8" sc="9" el="8" ec="66" bec="0" bev="0" fileid="8">
                <TrackedMethodRefs>
                  <TrackedMethodRef uid="10" vc="1" />
                  <TrackedMethodRef uid="2" vc="1" />
                  <TrackedMethodRef uid="1" vc="1" />
                  <TrackedMethodRef uid="4" vc="1" />
                  <TrackedMethodRef uid="3" vc="1" />
                  <TrackedMethodRef uid="5" vc="1" />
                  <TrackedMethodRef uid="6" vc="1" />
                  <TrackedMethodRef uid="7" vc="1" />
                  <TrackedMethodRef uid="9" vc="1" />
                  <TrackedMethodRef uid="8" vc="1" />
                </TrackedMethodRefs>
              </MethodPoint>
            </Method>
            <Method visited="true" cyclomaticComplexity="5" nPathComplexity="16" sequenceCoverage="100" branchCoverage="88.89" crapScore="5" isConstructor="false" isStatic="false" isGetter="false" isSetter="false">
              <Summary numSequencePoints="10" visitedSequencePoints="10" numBranchPoints="9" visitedBranchPoints="8" sequenceCoverage="100" branchCoverage="88.89" maxCyclomaticComplexity="5" minCyclomaticComplexity="5" maxCrapScore="5" minCrapScore="5" visitedClasses="0" numClasses="0" visitedMethods="1" numMethods="1" />
              <MetadataToken>100663315</MetadataToken>
              <Name>System.Void MowerKata.Entities.Mower::ToRight()</Name>
              <FileRef uid="8" />
              <SequencePoints>
                <SequencePoint vc="5" uspid="100" ordinal="0" offset="0" sl="15" sc="9" el="15" ec="10" bec="0" bev="0" fileid="8">
                  <TrackedMethodRefs>
                    <TrackedMethodRef uid="5" vc="1" />
                    <TrackedMethodRef uid="9" vc="4" />
                  </TrackedMethodRefs>
                </SequencePoint>
                <SequencePoint vc="5" uspid="101" ordinal="1" offset="1" sl="16" sc="13" el="16" ec="41" bec="2" bev="2" fileid="8">
                  <TrackedMethodRefs>
                    <TrackedMethodRef uid="5" vc="1" />
                    <TrackedMethodRef uid="9" vc="4" />
                  </TrackedMethodRefs>
                </SequencePoint>
                <SequencePoint vc="2" uspid="102" ordinal="2" offset="15" sl="17" sc="17" el="17" ec="40" bec="0" bev="0" fileid="8">
                  <TrackedMethodRefs>
                    <TrackedMethodRef uid="5" vc="1" />
                    <TrackedMethodRef uid="9" vc="1" />
                  </TrackedMethodRefs>
                </SequencePoint>
                <SequencePoint vc="3" uspid="103" ordinal="3" offset="26" sl="18" sc="18" el="18" ec="46" bec="2" bev="2" fileid="8">
                  <TrackedMethodRefs>
                    <TrackedMethodRef uid="9" vc="3" />
                  </TrackedMethodRefs>
                </SequencePoint>
                <SequencePoint vc="1" uspid="104" ordinal="4" offset="40" sl="19" sc="17" el="19" ec="40" bec="0" bev="0" fileid="8">
                  <TrackedMethodRefs>
                    <TrackedMethodRef uid="9" vc="1" />
                  </TrackedMethodRefs>
                </SequencePoint>
                <SequencePoint vc="2" uspid="105" ordinal="5" offset="51" sl="20" sc="18" el="20" ec="46" bec="2" bev="2" fileid="8">
                  <TrackedMethodRefs>
                    <TrackedMethodRef uid="9" vc="2" />
                  </TrackedMethodRefs>
                </SequencePoint>
                <SequencePoint vc="1" uspid="106" ordinal="6" offset="65" sl="21" sc="17" el="21" ec="40" bec="0" bev="0" fileid="8">
                  <TrackedMethodRefs>
                    <TrackedMethodRef uid="9" vc="1" />
                  </TrackedMethodRefs>
                </SequencePoint>
                <SequencePoint vc="1" uspid="107" ordinal="7" offset="76" sl="22" sc="18" el="22" ec="46" bec="2" bev="1" fileid="8">
                  <TrackedMethodRefs>
                    <TrackedMethodRef uid="9" vc="1" />
                  </TrackedMethodRefs>
                </SequencePoint>
                <SequencePoint vc="1" uspid="108" ordinal="8" offset="90" sl="23" sc="17" el="23" ec="40" bec="0" bev="0" fileid="8">
                  <TrackedMethodRefs>
                    <TrackedMethodRef uid="9" vc="1" />
                  </TrackedMethodRefs>
                </SequencePoint>
                <SequencePoint vc="5" uspid="109" ordinal="9" offset="99" sl="24" sc="9" el="24" ec="10" bec="0" bev="0" fileid="8">
                  <TrackedMethodRefs>
                    <TrackedMethodRef uid="5" vc="1" />
                    <TrackedMethodRef uid="9" vc="4" />
                  </TrackedMethodRefs>
                </SequencePoint>
              </SequencePoints>
              <BranchPoints>
                <BranchPoint vc="2" uspid="110" ordinal="0" offset="13" sl="16" path="0" offsetend="15" fileid="8">
                  <TrackedMethodRefs>
                    <TrackedMethodRef uid="5" vc="1" />
                    <TrackedMethodRef uid="9" vc="1" />
                  </TrackedMethodRefs>
                </BranchPoint>
                <BranchPoint vc="3" uspid="111" ordinal="1" offset="13" sl="16" path="1" offsetend="26" fileid="8">
                  <TrackedMethodRefs>
                    <TrackedMethodRef uid="9" vc="3" />
                  </TrackedMethodRefs>
                </BranchPoint>
                <BranchPoint vc="1" uspid="112" ordinal="2" offset="38" sl="18" path="0" offsetend="40" fileid="8">
                  <TrackedMethodRefs>
                    <TrackedMethodRef uid="9" vc="1" />
                  </TrackedMethodRefs>
                </BranchPoint>
                <BranchPoint vc="2" uspid="113" ordinal="3" offset="38" sl="18" path="1" offsetend="51" fileid="8">
                  <TrackedMethodRefs>
                    <TrackedMethodRef uid="9" vc="2" />
                  </TrackedMethodRefs>
                </BranchPoint>
                <BranchPoint vc="1" uspid="114" ordinal="4" offset="63" sl="20" path="0" offsetend="65" fileid="8">
                  <TrackedMethodRefs>
                    <TrackedMethodRef uid="9" vc="1" />
                  </TrackedMethodRefs>
                </BranchPoint>
                <BranchPoint vc="1" uspid="115" ordinal="5" offset="63" sl="20" path="1" offsetend="76" fileid="8">
                  <TrackedMethodRefs>
                    <TrackedMethodRef uid="9" vc="1" />
                  </TrackedMethodRefs>
                </BranchPoint>
                <BranchPoint vc="1" uspid="116" ordinal="6" offset="88" sl="22" path="0" offsetend="90" fileid="8">
                  <TrackedMethodRefs>
                    <TrackedMethodRef uid="9" vc="1" />
                  </TrackedMethodRefs>
                </BranchPoint>
                <BranchPoint vc="0" uspid="117" ordinal="7" offset="88" sl="22" path="1" offsetend="99" fileid="8" />
              </BranchPoints>
              <MethodPoint xsi:type="SequencePoint" vc="5" uspid="100" ordinal="0" offset="0" sl="15" sc="9" el="15" ec="10" bec="0" bev="0" fileid="8">
                <TrackedMethodRefs>
                  <TrackedMethodRef uid="5" vc="1" />
                  <TrackedMethodRef uid="9" vc="4" />
                </TrackedMethodRefs>
              </MethodPoint>
            </Method>
            <Method visited="true" cyclomaticComplexity="5" nPathComplexity="16" sequenceCoverage="100" branchCoverage="88.89" crapScore="5" isConstructor="false" isStatic="false" isGetter="false" isSetter="false">
              <Summary numSequencePoints="10" visitedSequencePoints="10" numBranchPoints="9" visitedBranchPoints="8" sequenceCoverage="100" branchCoverage="88.89" maxCyclomaticComplexity="5" minCyclomaticComplexity="5" maxCrapScore="5" minCrapScore="5" visitedClasses="0" numClasses="0" visitedMethods="1" numMethods="1" />
              <MetadataToken>100663316</MetadataToken>
              <Name>System.Void MowerKata.Entities.Mower::ToLeft()</Name>
              <FileRef uid="8" />
              <SequencePoints>
                <SequencePoint vc="5" uspid="118" ordinal="0" offset="0" sl="28" sc="9" el="28" ec="10" bec="0" bev="0" fileid="8">
                  <TrackedMethodRefs>
                    <TrackedMethodRef uid="6" vc="1" />
                    <TrackedMethodRef uid="8" vc="4" />
                  </TrackedMethodRefs>
                </SequencePoint>
                <SequencePoint vc="5" uspid="119" ordinal="1" offset="1" sl="29" sc="13" el="29" ec="41" bec="2" bev="2" fileid="8">
                  <TrackedMethodRefs>
                    <TrackedMethodRef uid="6" vc="1" />
                    <TrackedMethodRef uid="8" vc="4" />
                  </TrackedMethodRefs>
                </SequencePoint>
[...]
              <MetadataToken>100663327</MetadataToken>
              <Name>MowerKata.Services.OrderQueryProcess MowerKata.Services.OrderQueryProcess::Parser(System.String)</Name>
              <FileRef uid="10" />
              <SequencePoints>
                <SequencePoint vc="10" uspid="218" ordinal="0" offset="0" sl="18" sc="9" el="18" ec="10" bec="0" bev="0" fileid="10">
                  <TrackedMethodRefs>
                    <TrackedMethodRef uid="10" vc="1" />
                    <TrackedMethodRef uid="2" vc="1" />
                    <TrackedMethodRef uid="1" vc="1" />
                    <TrackedMethodRef uid="4" vc="1" />
                    <TrackedMethodRef uid="3" vc="1" />
                    <TrackedMethodRef uid="5" vc="1" />
                    <TrackedMethodRef uid="6" vc="1" />
                    <TrackedMethodRef uid="7" vc="1" />
                    <TrackedMethodRef uid="9" vc="1" />
                    <TrackedMethodRef uid="8" vc="1" />
                  </TrackedMethodRefs>
                </SequencePoint>
                <SequencePoint vc="10" uspid="219" ordinal="1" offset="1" sl="19" sc="13" el="19" ec="61" bec="0" bev="0" fileid="10">
                  <TrackedMethodRefs>
                    <TrackedMethodRef uid="10" vc="1" />
                    <TrackedMethodRef uid="2" vc="1" />
                    <TrackedMethodRef uid="1" vc="1" />
                    <TrackedMethodRef uid="4" vc="1" />
                    <TrackedMethodRef uid="3" vc="1" />
                    <TrackedMethodRef uid="5" vc="1" />
                    <TrackedMethodRef uid="6" vc="1" />
                    <TrackedMethodRef uid="7" vc="1" />
                    <TrackedMethodRef uid="9" vc="1" />
                    <TrackedMethodRef uid="8" vc="1" />
                  </TrackedMethodRefs>
                </SequencePoint>
                <SequencePoint vc="10" uspid="220" ordinal="2" offset="7" sl="20" sc="13" el="20" ec="20" bec="0" bev="0" fileid="10">
                  <TrackedMethodRefs>
                    <TrackedMethodRef uid="10" vc="1" />
                    <TrackedMethodRef uid="2" vc="1" />
                    <TrackedMethodRef uid="1" vc="1" />
                    <TrackedMethodRef uid="4" vc="1" />
                    <TrackedMethodRef uid="3" vc="1" />
                    <TrackedMethodRef uid="5" vc="1" />
                    <TrackedMethodRef uid="6" vc="1" />
                    <TrackedMethodRef uid="7" vc="1" />
                    <TrackedMethodRef uid="9" vc="1" />
                    <TrackedMethodRef uid="8" vc="1" />
                  </TrackedMethodRefs>
                </SequencePoint>
                <SequencePoint vc="10" uspid="221" ordinal="3" offset="8" sl="20" sc="46" el="20" ec="51" bec="0" bev="0" fileid="10">
                  <TrackedMethodRefs>
                    <TrackedMethodRef uid="10" vc="1" />
                    <TrackedMethodRef uid="2" vc="1" />
                    <TrackedMethodRef uid="1" vc="1" />
                    <TrackedMethodRef uid="4" vc="1" />
                    <TrackedMethodRef uid="3" vc="1" />
                    <TrackedMethodRef uid="5" vc="1" />
                    <TrackedMethodRef uid="6" vc="1" />
                    <TrackedMethodRef uid="7" vc="1" />
                    <TrackedMethodRef uid="9" vc="1" />
                    <TrackedMethodRef uid="8" vc="1" />
                  </TrackedMethodRefs>
                </SequencePoint>
                <SequencePoint vc="31" uspid="222" ordinal="4" offset="14" sl="20" sc="22" el="20" ec="42" bec="0" bev="0" fileid="10">
                  <TrackedMethodRefs>
                    <TrackedMethodRef uid="10" vc="3" />
                    <TrackedMethodRef uid="2" vc="1" />
                    <TrackedMethodRef uid="1" vc="1" />
                    <TrackedMethodRef uid="4" vc="1" />
                    <TrackedMethodRef uid="3" vc="1" />
                    <TrackedMethodRef uid="5" vc="2" />
                    <TrackedMethodRef uid="6" vc="2" />
                    <TrackedMethodRef uid="7" vc="1" />
                    <TrackedMethodRef uid="9" vc="10" />
                    <TrackedMethodRef uid="8" vc="9" />
                  </TrackedMethodRefs>
                </SequencePoint>
                <SequencePoint vc="31" uspid="223" ordinal="5" offset="22" sl="21" sc="13" el="21" ec="14" bec="0" bev="0" fileid="10">
                  <TrackedMethodRefs>
                    <TrackedMethodRef uid="10" vc="3" />
                    <TrackedMethodRef uid="2" vc="1" />
                    <TrackedMethodRef uid="1" vc="1" />
                    <TrackedMethodRef uid="4" vc="1" />
                    <TrackedMethodRef uid="3" vc="1" />
                    <TrackedMethodRef uid="5" vc="2" />
                    <TrackedMethodRef uid="6" vc="2" />
                    <TrackedMethodRef uid="7" vc="1" />
                    <TrackedMethodRef uid="9" vc="10" />
                    <TrackedMethodRef uid="8" vc="9" />
                  </TrackedMethodRefs>
                </SequencePoint>
                <SequencePoint vc="31" uspid="224" ordinal="6" offset="23" sl="22" sc="17" el="22" ec="42" bec="6" bev="6" fileid="10">
                  <TrackedMethodRefs>
                    <TrackedMethodRef uid="10" vc="3" />
                    <TrackedMethodRef uid="2" vc="1" />
                    <TrackedMethodRef uid="1" vc="1" />
                    <TrackedMethodRef uid="4" vc="1" />
                    <TrackedMethodRef uid="3" vc="1" />
                    <TrackedMethodRef uid="5" vc="2" />
                    <TrackedMethodRef uid="6" vc="2" />
                    <TrackedMethodRef uid="7" vc="1" />
                    <TrackedMethodRef uid="9" vc="10" />
                    <TrackedMethodRef uid="8" vc="9" />
                  </TrackedMethodRefs>
                </SequencePoint>
                <SequencePoint vc="20" uspid="225" ordinal="7" offset="50" sl="25" sc="25" el="25" ec="87" bec="0" bev="0" fileid="10">
                  <TrackedMethodRefs>
                    <TrackedMethodRef uid="10" vc="2" />
                    <TrackedMethodRef uid="2" vc="1" />
                    <TrackedMethodRef uid="1" vc="1" />
                    <TrackedMethodRef uid="4" vc="1" />
                    <TrackedMethodRef uid="3" vc="1" />
                    <TrackedMethodRef uid="5" vc="1" />
                    <TrackedMethodRef uid="6" vc="1" />
                    <TrackedMethodRef uid="7" vc="1" />
                    <TrackedMethodRef uid="9" vc="6" />
                    <TrackedMethodRef uid="8" vc="5" />
                  </TrackedMethodRefs>
                </SequencePoint>
                <SequencePoint vc="20" uspid="226" ordinal="8" offset="63" sl="26" sc="25" el="26" ec="31" bec="0" bev="0" fileid="10">
                  <TrackedMethodRefs>
                    <TrackedMethodRef uid="10" vc="2" />
                    <TrackedMethodRef uid="2" vc="1" />
                    <TrackedMethodRef uid="1" vc="1" />
                    <TrackedMethodRef uid="4" vc="1" />
                    <TrackedMethodRef uid="3" vc="1" />
                    <TrackedMethodRef uid="5" vc="1" />
                    <TrackedMethodRef uid="6" vc="1" />
                    <TrackedMethodRef uid="7" vc="1" />
                    <TrackedMethodRef uid="9" vc="6" />
                    <TrackedMethodRef uid="8" vc="5" />
                  </TrackedMethodRefs>
                </SequencePoint>
                <SequencePoint vc="5" uspid="227" ordinal="9" offset="65" sl="28" sc="25" el="28" ec="85" bec="0" bev="0" fileid="10">
                  <TrackedMethodRefs>
                    <TrackedMethodRef uid="5" vc="1" />
                    <TrackedMethodRef uid="9" vc="4" />
                  </TrackedMethodRefs>
                </SequencePoint>
                <SequencePoint vc="5" uspid="228" ordinal="10" offset="78" sl="29" sc="25" el="29" ec="31" bec="0" bev="0" fileid="10">
                  <TrackedMethodRefs>
                    <TrackedMethodRef uid="5" vc="1" />
                    <TrackedMethodRef uid="9" vc="4" />
                  </TrackedMethodRefs>
                </SequencePoint>
                <SequencePoint vc="5" uspid="229" ordinal="11" offset="80" sl="31" sc="25" el="31" ec="84" bec="0" bev="0" fileid="10">
                  <TrackedMethodRefs>
                    <TrackedMethodRef uid="6" vc="1" />
                    <TrackedMethodRef uid="8" vc="4" />
                  </TrackedMethodRefs>
                </SequencePoint>
                <SequencePoint vc="5" uspid="230" ordinal="12" offset="93" sl="32" sc="25" el="32" ec="31" bec="0" bev="0" fileid="10">
                  <TrackedMethodRefs>
                    <TrackedMethodRef uid="6" vc="1" />
                    <TrackedMethodRef uid="8" vc="4" />
                  </TrackedMethodRefs>
                </SequencePoint>
                <SequencePoint vc="1" uspid="231" ordinal="13" offset="95" sl="34" sc="25" el="34" ec="67" bec="0" bev="0" fileid="10">
                  <TrackedMethodRefs>
                    <TrackedMethodRef uid="10" vc="1" />
                  </TrackedMethodRefs>
                </SequencePoint>
                <SequencePoint vc="30" uspid="232" ordinal="14" offset="101" sl="36" sc="13" el="36" ec="14" bec="0" bev="0" fileid="10">
                  <TrackedMethodRefs>
                    <TrackedMethodRef uid="10" vc="2" />
                    <TrackedMethodRef uid="2" vc="1" />
                    <TrackedMethodRef uid="1" vc="1" />
                    <TrackedMethodRef uid="4" vc="1" />
                    <TrackedMethodRef uid="3" vc="1" />
                    <TrackedMethodRef uid="5" vc="2" />
                    <TrackedMethodRef uid="6" vc="2" />
                    <TrackedMethodRef uid="7" vc="1" />
                    <TrackedMethodRef uid="9" vc="10" />
                    <TrackedMethodRef uid="8" vc="9" />
                  </TrackedMethodRefs>
                </SequencePoint>
                <SequencePoint vc="40" uspid="233" ordinal="15" offset="106" sl="20" sc="43" el="20" ec="45" bec="0" bev="0" fileid="10">
                  <TrackedMethodRefs>
                    <TrackedMethodRef uid="10" vc="3" />
                    <TrackedMethodRef uid="2" vc="2" />
                    <TrackedMethodRef uid="1" vc="2" />
                    <TrackedMethodRef uid="4" vc="2" />
                    <TrackedMethodRef uid="3" vc="2" />
                    <TrackedMethodRef uid="5" vc="3" />
                    <TrackedMethodRef uid="6" vc="3" />
                    <TrackedMethodRef uid="7" vc="2" />
                    <TrackedMethodRef uid="9" vc="11" />
                    <TrackedMethodRef uid="8" vc="10" />
                  </TrackedMethodRefs>
                </SequencePoint>
                <SequencePoint vc="9" uspid="234" ordinal="16" offset="115" sl="38" sc="13" el="38" ec="38" bec="0" bev="0" fileid="10">
                  <TrackedMethodRefs>
                    <TrackedMethodRef uid="2" vc="1" />
                    <TrackedMethodRef uid="1" vc="1" />
                    <TrackedMethodRef uid="4" vc="1" />
                    <TrackedMethodRef uid="3" vc="1" />
                    <TrackedMethodRef uid="5" vc="1" />
                    <TrackedMethodRef uid="6" vc="1" />
                    <TrackedMethodRef uid="7" vc="1" />
                    <TrackedMethodRef uid="9" vc="1" />
                    <TrackedMethodRef uid="8" vc="1" />
                  </TrackedMethodRefs>
                </SequencePoint>
                <SequencePoint vc="9" uspid="235" ordinal="17" offset="120" sl="39" sc="9" el="39" ec="10" bec="0" bev="0" fileid="10">
                  <TrackedMethodRefs>
                    <TrackedMethodRef uid="2" vc="1" />
                    <TrackedMethodRef uid="1" vc="1" />
                    <TrackedMethodRef uid="4" vc="1" />
                    <TrackedMethodRef uid="3" vc="1" />
                    <TrackedMethodRef uid="5" vc="1" />
                    <TrackedMethodRef uid="6" vc="1" />
                    <TrackedMethodRef uid="7" vc="1" />
                    <TrackedMethodRef uid="9" vc="1" />
                    <TrackedMethodRef uid="8" vc="1" />
                  </TrackedMethodRefs>
                </SequencePoint>
              </SequencePoints>
              <BranchPoints>
                <BranchPoint vc="11" uspid="236" ordinal="0" offset="30" sl="22" path="0" offsetchain="32" offsetend="34" fileid="10">
                  <TrackedMethodRefs>
                    <TrackedMethodRef uid="10" vc="1" />
                    <TrackedMethodRef uid="5" vc="1" />
                    <TrackedMethodRef uid="6" vc="1" />
                    <TrackedMethodRef uid="9" vc="4" />
                    <TrackedMethodRef uid="8" vc="4" />
                  </TrackedMethodRefs>
                </BranchPoint>
                <BranchPoint vc="20" uspid="237" ordinal="1" offset="30" sl="22" path="1" offsetend="50" fileid="10">
                  <TrackedMethodRefs>
                    <TrackedMethodRef uid="10" vc="2" />
                    <TrackedMethodRef uid="2" vc="1" />
                    <TrackedMethodRef uid="1" vc="1" />
                    <TrackedMethodRef uid="4" vc="1" />
                    <TrackedMethodRef uid="3" vc="1" />
                    <TrackedMethodRef uid="5" vc="1" />
                    <TrackedMethodRef uid="6" vc="1" />
                    <TrackedMethodRef uid="7" vc="1" />
                    <TrackedMethodRef uid="9" vc="6" />
                    <TrackedMethodRef uid="8" vc="5" />
                  </TrackedMethodRefs>
                </BranchPoint>
                <BranchPoint vc="6" uspid="238" ordinal="2" offset="38" sl="22" path="0" offsetchain="40" offsetend="42" fileid="10">
                  <TrackedMethodRefs>
                    <TrackedMethodRef uid="10" vc="1" />
                    <TrackedMethodRef uid="6" vc="1" />
                    <TrackedMethodRef uid="8" vc="4" />
                  </TrackedMethodRefs>
                </BranchPoint>
                <BranchPoint vc="5" uspid="239" ordinal="3" offset="38" sl="22" path="1" offsetend="65" fileid="10">
                  <TrackedMethodRefs>
                    <TrackedMethodRef uid="5" vc="1" />
                    <TrackedMethodRef uid="9" vc="4" />
                  </TrackedMethodRefs>
                </BranchPoint>
                <BranchPoint vc="1" uspid="240" ordinal="4" offset="46" sl="22" path="0" offsetchain="48" offsetend="95" fileid="10">
                  <TrackedMethodRefs>
                    <TrackedMethodRef uid="10" vc="1" />
                  </TrackedMethodRefs>
                </BranchPoint>
                <BranchPoint vc="5" uspid="241" ordinal="5" offset="46" sl="22" path="1" offsetend="80" fileid="10">
                  <TrackedMethodRefs>
                    <TrackedMethodRef uid="6" vc="1" />
                    <TrackedMethodRef uid="8" vc="4" />
                  </TrackedMethodRefs>
                </BranchPoint>
              </BranchPoints>
              <MethodPoint xsi:type="SequencePoint" vc="10" uspid="218" ordinal="0" offset="0" sl="18" sc="9" el="18" ec="10" bec="0" bev="0" fileid="10">
                <TrackedMethodRefs>
                  <TrackedMethodRef uid="10" vc="1" />
                  <TrackedMethodRef uid="2" vc="1" />
                  <TrackedMethodRef uid="1" vc="1" />
                  <TrackedMethodRef uid="4" vc="1" />
                  <TrackedMethodRef uid="3" vc="1" />
                  <TrackedMethodRef uid="5" vc="1" />
                  <TrackedMethodRef uid="6" vc="1" />
                  <TrackedMethodRef uid="7" vc="1" />
                  <TrackedMethodRef uid="9" vc="1" />
                  <TrackedMethodRef uid="8" vc="1" />
                </TrackedMethodRefs>
              </MethodPoint>
            </Method>
            <Method visited="true" cyclomaticComplexity="1" nPathComplexity="0" sequenceCoverage="100" branchCoverage="100" crapScore="1" isConstructor="false" isStatic="false" isGetter="false" isSetter="false">
              <Summary numSequencePoints="3" visitedSequencePoints="3" numBranchPoints="1" visitedBranchPoints="1" sequenceCoverage="100" branchCoverage="100" maxCyclomaticComplexity="1" minCyclomaticComplexity="1" maxCrapScore="1" minCrapScore="1" visitedClasses="0" numClasses="0" visitedMethods="1" numMethods="1" />
              <MetadataToken>100663328</MetadataToken>
              <Name>System.Collections.IEnumerator MowerKata.Services.OrderQueryProcess::GetEnumerator()</Name>
              <FileRef uid="10" />
              <SequencePoints>
                <SequencePoint vc="9" uspid="244" ordinal="0" offset="0" sl="42" sc="9" el="42" ec="10" bec="0" bev="0" fileid="10">
                  <TrackedMethodRefs>
                    <TrackedMethodRef uid="2" vc="1" />
                    <TrackedMethodRef uid="1" vc="1" />
                    <TrackedMethodRef uid="4" vc="1" />
                    <TrackedMethodRef uid="3" vc="1" />
                    <TrackedMethodRef uid="5" vc="1" />
                    <TrackedMethodRef uid="6" vc="1" />
                    <TrackedMethodRef uid="7" vc="1" />
                    <TrackedMethodRef uid="9" vc="1" />
                    <TrackedMethodRef uid="8" vc="1" />
                  </TrackedMethodRefs>
                </SequencePoint>
                <SequencePoint vc="9" uspid="245" ordinal="1" offset="1" sl="43" sc="13" el="43" ec="52" bec="0" bev="0" fileid="10">
                  <TrackedMethodRefs>
                    <TrackedMethodRef uid="2" vc="1" />
                    <TrackedMethodRef uid="1" vc="1" />
                    <TrackedMethodRef uid="4" vc="1" />
                    <TrackedMethodRef uid="3" vc="1" />
                    <TrackedMethodRef uid="5" vc="1" />
                    <TrackedMethodRef uid="6" vc="1" />
                    <TrackedMethodRef uid="7" vc="1" />
                    <TrackedMethodRef uid="9" vc="1" />
                    <TrackedMethodRef uid="8" vc="1" />
                  </TrackedMethodRefs>
                </SequencePoint>
                <SequencePoint vc="9" uspid="246" ordinal="2" offset="20" sl="44" sc="9" el="44" ec="10" bec="0" bev="0" fileid="10">
                  <TrackedMethodRefs>
                    <TrackedMethodRef uid="2" vc="1" />
                    <TrackedMethodRef uid="1" vc="1" />
                    <TrackedMethodRef uid="4" vc="1" />
                    <TrackedMethodRef uid="3" vc="1" />
                    <TrackedMethodRef uid="5" vc="1" />
                    <TrackedMethodRef uid="6" vc="1" />
                    <TrackedMethodRef uid="7" vc="1" />
                    <TrackedMethodRef uid="9" vc="1" />
                    <TrackedMethodRef uid="8" vc="1" />
                  </TrackedMethodRefs>
                </SequencePoint>
              </SequencePoints>
              <BranchPoints />
              <MethodPoint xsi:type="SequencePoint" vc="9" uspid="244" ordinal="0" offset="0" sl="42" sc="9" el="42" ec="10" bec="0" bev="0" fileid="10">
                <TrackedMethodRefs>
                  <TrackedMethodRef uid="2" vc="1" />
                  <TrackedMethodRef uid="1" vc="1" />
                  <TrackedMethodRef uid="4" vc="1" />
                  <TrackedMethodRef uid="3" vc="1" />
                  <TrackedMethodRef uid="5" vc="1" />
                  <TrackedMethodRef uid="6" vc="1" />
                  <TrackedMethodRef uid="7" vc="1" />
                  <TrackedMethodRef uid="9" vc="1" />
                  <TrackedMethodRef uid="8" vc="1" />
                </TrackedMethodRefs>
              </MethodPoint>
            </Method>
          </Methods>
        </Class>
      </Classes>
    </Module>
  </Modules>
</CoverageSession>